[debug] [2025-08-10T06:40:33.405Z] ----------------------------------------------------------------------
[debug] [2025-08-10T06:40:33.408Z] Command:       /nix/store/ws50yvm6vzlzf7jzz6n7xh4szddrack1-nodejs-20.19.1/bin/node /nix/store/4ba3nh7p56fsnidgr9jcqnpv4k7nwwrv-firebase-tools-14.12.0/lib/node_modules/firebase-tools/lib/bin/firebase.js apps:sdkconfig web 1:120257951355:web:7e5f2965fe901c588ed4de --project bloomcrux
[debug] [2025-08-10T06:40:33.409Z] CLI Version:   14.12.0
[debug] [2025-08-10T06:40:33.409Z] Platform:      linux
[debug] [2025-08-10T06:40:33.410Z] Node Version:  v20.19.1
[debug] [2025-08-10T06:40:33.410Z] Time:          Sun Aug 10 2025 06:40:33 GMT+0000 (Coordinated Universal Time)
[debug] [2025-08-10T06:40:33.410Z] ----------------------------------------------------------------------
[debug] 
[debug] [2025-08-10T06:40:33.419Z] > command requires scopes: ["email","openid","https://www.googleapis.com/auth/cloudplatformprojects.readonly","https://www.googleapis.com/auth/firebase","https://www.googleapis.com/auth/cloud-platform","https://www.googleapis.com/auth/userinfo.email"]
[debug] [2025-08-10T06:40:33.420Z] > authorizing via signed-in user (brandon.jwjp@gmail.com)
[debug] [2025-08-10T06:40:33.428Z] Checked if tokens are valid: true, expires at: 1754811297107
[debug] [2025-08-10T06:40:33.428Z] Checked if tokens are valid: true, expires at: 1754811297107
[debug] [2025-08-10T06:40:33.431Z] >>> [apiv2][query] GET https://firebase.googleapis.com/v1beta1/projects/-/webApps/1:120257951355:web:7e5f2965fe901c588ed4de/config [none]
[debug] [2025-08-10T06:40:34.014Z] <<< [apiv2][status] GET https://firebase.googleapis.com/v1beta1/projects/-/webApps/1:120257951355:web:7e5f2965fe901c588ed4de/config 200
[debug] [2025-08-10T06:40:34.015Z] <<< [apiv2][body] GET https://firebase.googleapis.com/v1beta1/projects/-/webApps/1:120257951355:web:7e5f2965fe901c588ed4de/config {"projectId":"bloomcrux","appId":"1:120257951355:web:7e5f2965fe901c588ed4de","storageBucket":"bloomcrux.firebasestorage.app","apiKey":"AIzaSyBBpX0dOpgELyeeXU7zLn9e_cjwPqJeKC0","authDomain":"bloomcrux.firebaseapp.com","messagingSenderId":"120257951355"}
[info] {
  "projectId": "bloomcrux",
  "appId": "1:120257951355:web:7e5f2965fe901c588ed4de",
  "storageBucket": "bloomcrux.firebasestorage.app",
  "apiKey": "AIzaSyBBpX0dOpgELyeeXU7zLn9e_cjwPqJeKC0",
  "authDomain": "bloomcrux.firebaseapp.com",
  "messagingSenderId": "120257951355"
}
[debug] [2025-08-10T06:40:34.040Z] Error: write EPIPE
    at afterWriteDispatched (node:internal/stream_base_commons:161:15)
    at writeGeneric (node:internal/stream_base_commons:152:3)
    at Socket._writeGeneric (node:net:958:11)
    at Socket._write (node:net:970:8)
    at writeOrBuffer (node:internal/streams/writable:572:12)
    at _write (node:internal/streams/writable:501:10)
    at Writable.write (node:internal/streams/writable:510:10)
    at Console.log (/nix/store/4ba3nh7p56fsnidgr9jcqnpv4k7nwwrv-firebase-tools-14.12.0/lib/node_modules/firebase-tools/node_modules/winston/lib/winston/transports/console.js:79:23)
    at Console._write (/nix/store/4ba3nh7p56fsnidgr9jcqnpv4k7nwwrv-firebase-tools-14.12.0/lib/node_modules/firebase-tools/node_modules/winston-transport/index.js:103:17)
    at doWrite (/nix/store/4ba3nh7p56fsnidgr9jcqnpv4k7nwwrv-firebase-tools-14.12.0/lib/node_modules/firebase-tools/node_modules/winston-transport/node_modules/readable-stream/lib/_stream_writable.js:428:64)
[error] 
[error] Error: An unexpected error has occurred.
[debug] [2025-08-10T06:40:34.042Z] Error: write EPIPE
    at afterWriteDispatched (node:internal/stream_base_commons:161:15)
    at writeGeneric (node:internal/stream_base_commons:152:3)
    at Socket._writeGeneric (node:net:958:11)
    at Socket._write (node:net:970:8)
    at writeOrBuffer (node:internal/streams/writable:572:12)
    at _write (node:internal/streams/writable:501:10)
    at Writable.write (node:internal/streams/writable:510:10)
    at Console.log (/nix/store/4ba3nh7p56fsnidgr9jcqnpv4k7nwwrv-firebase-tools-14.12.0/lib/node_modules/firebase-tools/node_modules/winston/lib/winston/transports/console.js:79:23)
    at Console._write (/nix/store/4ba3nh7p56fsnidgr9jcqnpv4k7nwwrv-firebase-tools-14.12.0/lib/node_modules/firebase-tools/node_modules/winston-transport/index.js:103:17)
    at doWrite (/nix/store/4ba3nh7p56fsnidgr9jcqnpv4k7nwwrv-firebase-tools-14.12.0/lib/node_modules/firebase-tools/node_modules/winston-transport/node_modules/readable-stream/lib/_stream_writable.js:428:64)
[error] 
[error] Error: An unexpected error has occurred.
[debug] [2025-08-10T06:40:34.043Z] Error: write EPIPE
    at afterWriteDispatched (node:internal/stream_base_commons:161:15)
    at writeGeneric (node:internal/stream_base_commons:152:3)
    at Socket._writeGeneric (node:net:958:11)
    at Socket._write (node:net:970:8)
    at writeOrBuffer (node:internal/streams/writable:572:12)
    at _write (node:internal/streams/writable:501:10)
    at Writable.write (node:internal/streams/writable:510:10)
    at Console.log (/nix/store/4ba3nh7p56fsnidgr9jcqnpv4k7nwwrv-firebase-tools-14.12.0/lib/node_modules/firebase-tools/node_modules/winston/lib/winston/transports/console.js:79:23)
    at Console._write (/nix/store/4ba3nh7p56fsnidgr9jcqnpv4k7nwwrv-firebase-tools-14.12.0/lib/node_modules/firebase-tools/node_modules/winston-transport/index.js:103:17)
    at doWrite (/nix/store/4ba3nh7p56fsnidgr9jcqnpv4k7nwwrv-firebase-tools-14.12.0/lib/node_modules/firebase-tools/node_modules/winston-transport/node_modules/readable-stream/lib/_stream_writable.js:428:64)
[error] 
[error] Error: An unexpected error has occurred.
[debug] [2025-08-10T06:40:34.044Z] Error: write EPIPE
    at afterWriteDispatched (node:internal/stream_base_commons:161:15)
    at writeGeneric (node:internal/stream_base_commons:152:3)
    at Socket._writeGeneric (node:net:958:11)
    at Socket._write (node:net:970:8)
    at writeOrBuffer (node:internal/streams/writable:572:12)
    at _write (node:internal/streams/writable:501:10)
    at Writable.write (node:internal/streams/writable:510:10)
    at Console.log (/nix/store/4ba3nh7p56fsnidgr9jcqnpv4k7nwwrv-firebase-tools-14.12.0/lib/node_modules/firebase-tools/node_modules/winston/lib/winston/transports/console.js:79:23)
    at Console._write (/nix/store/4ba3nh7p56fsnidgr9jcqnpv4k7nwwrv-firebase-tools-14.12.0/lib/node_modules/firebase-tools/node_modules/winston-transport/index.js:103:17)
    at doWrite (/nix/store/4ba3nh7p56fsnidgr9jcqnpv4k7nwwrv-firebase-tools-14.12.0/lib/node_modules/firebase-tools/node_modules/winston-transport/node_modules/readable-stream/lib/_stream_writable.js:428:64)
[error] 
[error] Error: An unexpected error has occurred.
[debug] [2025-08-10T06:40:34.045Z] Error: write EPIPE
    at afterWriteDispatched (node:internal/stream_base_commons:161:15)
    at writeGeneric (node:internal/stream_base_commons:152:3)
    at Socket._writeGeneric (node:net:958:11)
    at Socket._write (node:net:970:8)
    at writeOrBuffer (node:internal/streams/writable:572:12)
    at _write (node:internal/streams/writable:501:10)
    at Writable.write (node:internal/streams/writable:510:10)
    at Console.log (/nix/store/4ba3nh7p56fsnidgr9jcqnpv4k7nwwrv-firebase-tools-14.12.0/lib/node_modules/firebase-tools/node_modules/winston/lib/winston/transports/console.js:79:23)
    at Console._write (/nix/store/4ba3nh7p56fsnidgr9jcqnpv4k7nwwrv-firebase-tools-14.12.0/lib/node_modules/firebase-tools/node_modules/winston-transport/index.js:103:17)
    at doWrite (/nix/store/4ba3nh7p56fsnidgr9jcqnpv4k7nwwrv-firebase-tools-14.12.0/lib/node_modules/firebase-tools/node_modules/winston-transport/node_modules/readable-stream/lib/_stream_writable.js:428:64)
[error] 
[error] Error: An unexpected error has occurred.
[debug] [2025-08-10T06:40:34.045Z] Error: write EPIPE
    at afterWriteDispatched (node:internal/stream_base_commons:161:15)
    at writeGeneric (node:internal/stream_base_commons:152:3)
    at Socket._writeGeneric (node:net:958:11)
    at Socket._write (node:net:970:8)
    at writeOrBuffer (node:internal/streams/writable:572:12)
    at _write (node:internal/streams/writable:501:10)
    at Writable.write (node:internal/streams/writable:510:10)
    at Console.log (/nix/store/4ba3nh7p56fsnidgr9jcqnpv4k7nwwrv-firebase-tools-14.12.0/lib/node_modules/firebase-tools/node_modules/winston/lib/winston/transports/console.js:79:23)
    at Console._write (/nix/store/4ba3nh7p56fsnidgr9jcqnpv4k7nwwrv-firebase-tools-14.12.0/lib/node_modules/firebase-tools/node_modules/winston-transport/index.js:103:17)
    at doWrite (/nix/store/4ba3nh7p56fsnidgr9jcqnpv4k7nwwrv-firebase-tools-14.12.0/lib/node_modules/firebase-tools/node_modules/winston-transport/node_modules/readable-stream/lib/_stream_writable.js:428:64)
[error] 
[error] Error: An unexpected error has occurred.
[debug] [2025-08-10T06:40:34.046Z] Error: write EPIPE
    at afterWriteDispatched (node:internal/stream_base_commons:161:15)
    at writeGeneric (node:internal/stream_base_commons:152:3)
    at Socket._writeGeneric (node:net:958:11)
    at Socket._write (node:net:970:8)
    at writeOrBuffer (node:internal/streams/writable:572:12)
    at _write (node:internal/streams/writable:501:10)
    at Writable.write (node:internal/streams/writable:510:10)
    at Console.log (/nix/store/4ba3nh7p56fsnidgr9jcqnpv4k7nwwrv-firebase-tools-14.12.0/lib/node_modules/firebase-tools/node_modules/winston/lib/winston/transports/console.js:79:23)
    at Console._write (/nix/store/4ba3nh7p56fsnidgr9jcqnpv4k7nwwrv-firebase-tools-14.12.0/lib/node_modules/firebase-tools/node_modules/winston-transport/index.js:103:17)
    at doWrite (/nix/store/4ba3nh7p56fsnidgr9jcqnpv4k7nwwrv-firebase-tools-14.12.0/lib/node_modules/firebase-tools/node_modules/winston-transport/node_modules/readable-stream/lib/_stream_writable.js:428:64)
[error] 
[error] Error: An unexpected error has occurred.
[debug] [2025-08-10T06:40:34.047Z] Error: write EPIPE
    at afterWriteDispatched (node:internal/stream_base_commons:161:15)
    at writeGeneric (node:internal/stream_base_commons:152:3)
    at Socket._writeGeneric (node:net:958:11)
    at Socket._write (node:net:970:8)
    at writeOrBuffer (node:internal/streams/writable:572:12)
    at _write (node:internal/streams/writable:501:10)
    at Writable.write (node:internal/streams/writable:510:10)
    at Console.log (/nix/store/4ba3nh7p56fsnidgr9jcqnpv4k7nwwrv-firebase-tools-14.12.0/lib/node_modules/firebase-tools/node_modules/winston/lib/winston/transports/console.js:79:23)
    at Console._write (/nix/store/4ba3nh7p56fsnidgr9jcqnpv4k7nwwrv-firebase-tools-14.12.0/lib/node_modules/firebase-tools/node_modules/winston-transport/index.js:103:17)
    at doWrite (/nix/store/4ba3nh7p56fsnidgr9jcqnpv4k7nwwrv-firebase-tools-14.12.0/lib/node_modules/firebase-tools/node_modules/winston-transport/node_modules/readable-stream/lib/_stream_writable.js:428:64)
[error] 
[error] Error: An unexpected error has occurred.
[debug] [2025-08-10T06:40:34.048Z] Error: write EPIPE
    at afterWriteDispatched (node:internal/stream_base_commons:161:15)
    at writeGeneric (node:internal/stream_base_commons:152:3)
    at Socket._writeGeneric (node:net:958:11)
    at Socket._write (node:net:970:8)
    at writeOrBuffer (node:internal/streams/writable:572:12)
    at _write (node:internal/streams/writable:501:10)
    at Writable.write (node:internal/streams/writable:510:10)
    at Console.log (/nix/store/4ba3nh7p56fsnidgr9jcqnpv4k7nwwrv-firebase-tools-14.12.0/lib/node_modules/firebase-tools/node_modules/winston/lib/winston/transports/console.js:79:23)
    at Console._write (/nix/store/4ba3nh7p56fsnidgr9jcqnpv4k7nwwrv-firebase-tools-14.12.0/lib/node_modules/firebase-tools/node_modules/winston-transport/index.js:103:17)
    at doWrite (/nix/store/4ba3nh7p56fsnidgr9jcqnpv4k7nwwrv-firebase-tools-14.12.0/lib/node_modules/firebase-tools/node_modules/winston-transport/node_modules/readable-stream/lib/_stream_writable.js:428:64)
[error] 
[error] Error: An unexpected error has occurred.
[debug] [2025-08-10T06:40:34.049Z] Error: write EPIPE
    at afterWriteDispatched (node:internal/stream_base_commons:161:15)
    at writeGeneric (node:internal/stream_base_commons:152:3)
    at Socket._writeGeneric (node:net:958:11)
    at Socket._write (node:net:970:8)
    at writeOrBuffer (node:internal/streams/writable:572:12)
    at _write (node:internal/streams/writable:501:10)
    at Writable.write (node:internal/streams/writable:510:10)
    at Console.log (/nix/store/4ba3nh7p56fsnidgr9jcqnpv4k7nwwrv-firebase-tools-14.12.0/lib/node_modules/firebase-tools/node_modules/winston/lib/winston/transports/console.js:79:23)
    at Console._write (/nix/store/4ba3nh7p56fsnidgr9jcqnpv4k7nwwrv-firebase-tools-14.12.0/lib/node_modules/firebase-tools/node_modules/winston-transport/index.js:103:17)
    at doWrite (/nix/store/4ba3nh7p56fsnidgr9jcqnpv4k7nwwrv-firebase-tools-14.12.0/lib/node_modules/firebase-tools/node_modules/winston-transport/node_modules/readable-stream/lib/_stream_writable.js:428:64)
[error] 
[error] Error: An unexpected error has occurred.
[debug] [2025-08-10T06:40:34.050Z] Error: write EPIPE
    at afterWriteDispatched (node:internal/stream_base_commons:161:15)
    at writeGeneric (node:internal/stream_base_commons:152:3)
    at Socket._writeGeneric (node:net:958:11)
    at Socket._write (node:net:970:8)
    at writeOrBuffer (node:internal/streams/writable:572:12)
    at _write (node:internal/streams/writable:501:10)
    at Writable.write (node:internal/streams/writable:510:10)
    at Console.log (/nix/store/4ba3nh7p56fsnidgr9jcqnpv4k7nwwrv-firebase-tools-14.12.0/lib/node_modules/firebase-tools/node_modules/winston/lib/winston/transports/console.js:79:23)
    at Console._write (/nix/store/4ba3nh7p56fsnidgr9jcqnpv4k7nwwrv-firebase-tools-14.12.0/lib/node_modules/firebase-tools/node_modules/winston-transport/index.js:103:17)
    at doWrite (/nix/store/4ba3nh7p56fsnidgr9jcqnpv4k7nwwrv-firebase-tools-14.12.0/lib/node_modules/firebase-tools/node_modules/winston-transport/node_modules/readable-stream/lib/_stream_writable.js:428:64)
[error] 
[error] Error: An unexpected error has occurred.
[debug] [2025-08-10T06:40:34.052Z] Error: write EPIPE
    at afterWriteDispatched (node:internal/stream_base_commons:161:15)
    at writeGeneric (node:internal/stream_base_commons:152:3)
    at Socket._writeGeneric (node:net:958:11)
    at Socket._write (node:net:970:8)
    at writeOrBuffer (node:internal/streams/writable:572:12)
    at _write (node:internal/streams/writable:501:10)
    at Writable.write (node:internal/streams/writable:510:10)
    at Console.log (/nix/store/4ba3nh7p56fsnidgr9jcqnpv4k7nwwrv-firebase-tools-14.12.0/lib/node_modules/firebase-tools/node_modules/winston/lib/winston/transports/console.js:79:23)
    at Console._write (/nix/store/4ba3nh7p56fsnidgr9jcqnpv4k7nwwrv-firebase-tools-14.12.0/lib/node_modules/firebase-tools/node_modules/winston-transport/index.js:103:17)
    at doWrite (/nix/store/4ba3nh7p56fsnidgr9jcqnpv4k7nwwrv-firebase-tools-14.12.0/lib/node_modules/firebase-tools/node_modules/winston-transport/node_modules/readable-stream/lib/_stream_writable.js:428:64)
[error] 
[error] Error: An unexpected error has occurred.
[debug] [2025-08-10T06:40:34.052Z] Error: write EPIPE
    at afterWriteDispatched (node:internal/stream_base_commons:161:15)
    at writeGeneric (node:internal/stream_base_commons:152:3)
    at Socket._writeGeneric (node:net:958:11)
    at Socket._write (node:net:970:8)
    at writeOrBuffer (node:internal/streams/writable:572:12)
    at _write (node:internal/streams/writable:501:10)
    at Writable.write (node:internal/streams/writable:510:10)
    at Console.log (/nix/store/4ba3nh7p56fsnidgr9jcqnpv4k7nwwrv-firebase-tools-14.12.0/lib/node_modules/firebase-tools/node_modules/winston/lib/winston/transports/console.js:79:23)
    at Console._write (/nix/store/4ba3nh7p56fsnidgr9jcqnpv4k7nwwrv-firebase-tools-14.12.0/lib/node_modules/firebase-tools/node_modules/winston-transport/index.js:103:17)
    at doWrite (/nix/store/4ba3nh7p56fsnidgr9jcqnpv4k7nwwrv-firebase-tools-14.12.0/lib/node_modules/firebase-tools/node_modules/winston-transport/node_modules/readable-stream/lib/_stream_writable.js:428:64)
[error] 
[error] Error: An unexpected error has occurred.
[debug] [2025-08-10T06:40:34.053Z] Error: write EPIPE
    at afterWriteDispatched (node:internal/stream_base_commons:161:15)
    at writeGeneric (node:internal/stream_base_commons:152:3)
    at Socket._writeGeneric (node:net:958:11)
    at Socket._write (node:net:970:8)
    at writeOrBuffer (node:internal/streams/writable:572:12)
    at _write (node:internal/streams/writable:501:10)
    at Writable.write (node:internal/streams/writable:510:10)
    at Console.log (/nix/store/4ba3nh7p56fsnidgr9jcqnpv4k7nwwrv-firebase-tools-14.12.0/lib/node_modules/firebase-tools/node_modules/winston/lib/winston/transports/console.js:79:23)
    at Console._write (/nix/store/4ba3nh7p56fsnidgr9jcqnpv4k7nwwrv-firebase-tools-14.12.0/lib/node_modules/firebase-tools/node_modules/winston-transport/index.js:103:17)
    at doWrite (/nix/store/4ba3nh7p56fsnidgr9jcqnpv4k7nwwrv-firebase-tools-14.12.0/lib/node_modules/firebase-tools/node_modules/winston-transport/node_modules/readable-stream/lib/_stream_writable.js:428:64)
[error] 
[error] Error: An unexpected error has occurred.
[debug] [2025-08-10T06:40:34.054Z] Error: write EPIPE
    at afterWriteDispatched (node:internal/stream_base_commons:161:15)
    at writeGeneric (node:internal/stream_base_commons:152:3)
    at Socket._writeGeneric (node:net:958:11)
    at Socket._write (node:net:970:8)
    at writeOrBuffer (node:internal/streams/writable:572:12)
    at _write (node:internal/streams/writable:501:10)
    at Writable.write (node:internal/streams/writable:510:10)
    at Console.log (/nix/store/4ba3nh7p56fsnidgr9jcqnpv4k7nwwrv-firebase-tools-14.12.0/lib/node_modules/firebase-tools/node_modules/winston/lib/winston/transports/console.js:79:23)
    at Console._write (/nix/store/4ba3nh7p56fsnidgr9jcqnpv4k7nwwrv-firebase-tools-14.12.0/lib/node_modules/firebase-tools/node_modules/winston-transport/index.js:103:17)
    at doWrite (/nix/store/4ba3nh7p56fsnidgr9jcqnpv4k7nwwrv-firebase-tools-14.12.0/lib/node_modules/firebase-tools/node_modules/winston-transport/node_modules/readable-stream/lib/_stream_writable.js:428:64)
[error] 
[error] Error: An unexpected error has occurred.
[debug] [2025-08-10T06:40:34.055Z] Error: write EPIPE
    at afterWriteDispatched (node:internal/stream_base_commons:161:15)
    at writeGeneric (node:internal/stream_base_commons:152:3)
    at Socket._writeGeneric (node:net:958:11)
    at Socket._write (node:net:970:8)
    at writeOrBuffer (node:internal/streams/writable:572:12)
    at _write (node:internal/streams/writable:501:10)
    at Writable.write (node:internal/streams/writable:510:10)
    at Console.log (/nix/store/4ba3nh7p56fsnidgr9jcqnpv4k7nwwrv-firebase-tools-14.12.0/lib/node_modules/firebase-tools/node_modules/winston/lib/winston/transports/console.js:79:23)
    at Console._write (/nix/store/4ba3nh7p56fsnidgr9jcqnpv4k7nwwrv-firebase-tools-14.12.0/lib/node_modules/firebase-tools/node_modules/winston-transport/index.js:103:17)
    at doWrite (/nix/store/4ba3nh7p56fsnidgr9jcqnpv4k7nwwrv-firebase-tools-14.12.0/lib/node_modules/firebase-tools/node_modules/winston-transport/node_modules/readable-stream/lib/_stream_writable.js:428:64)
[error] 
[error] Error: An unexpected error has occurred.
[debug] [2025-08-10T06:40:34.056Z] Error: write EPIPE
    at afterWriteDispatched (node:internal/stream_base_commons:161:15)
    at writeGeneric (node:internal/stream_base_commons:152:3)
    at Socket._writeGeneric (node:net:958:11)
    at Socket._write (node:net:970:8)
    at writeOrBuffer (node:internal/streams/writable:572:12)
    at _write (node:internal/streams/writable:501:10)
    at Writable.write (node:internal/streams/writable:510:10)
    at Console.log (/nix/store/4ba3nh7p56fsnidgr9jcqnpv4k7nwwrv-firebase-tools-14.12.0/lib/node_modules/firebase-tools/node_modules/winston/lib/winston/transports/console.js:79:23)
    at Console._write (/nix/store/4ba3nh7p56fsnidgr9jcqnpv4k7nwwrv-firebase-tools-14.12.0/lib/node_modules/firebase-tools/node_modules/winston-transport/index.js:103:17)
    at doWrite (/nix/store/4ba3nh7p56fsnidgr9jcqnpv4k7nwwrv-firebase-tools-14.12.0/lib/node_modules/firebase-tools/node_modules/winston-transport/node_modules/readable-stream/lib/_stream_writable.js:428:64)
[error] 
[error] Error: An unexpected error has occurred.
[debug] [2025-08-10T06:40:34.057Z] Error: write EPIPE
    at afterWriteDispatched (node:internal/stream_base_commons:161:15)
    at writeGeneric (node:internal/stream_base_commons:152:3)
    at Socket._writeGeneric (node:net:958:11)
    at Socket._write (node:net:970:8)
    at writeOrBuffer (node:internal/streams/writable:572:12)
    at _write (node:internal/streams/writable:501:10)
    at Writable.write (node:internal/streams/writable:510:10)
    at Console.log (/nix/store/4ba3nh7p56fsnidgr9jcqnpv4k7nwwrv-firebase-tools-14.12.0/lib/node_modules/firebase-tools/node_modules/winston/lib/winston/transports/console.js:79:23)
    at Console._write (/nix/store/4ba3nh7p56fsnidgr9jcqnpv4k7nwwrv-firebase-tools-14.12.0/lib/node_modules/firebase-tools/node_modules/winston-transport/index.js:103:17)
    at doWrite (/nix/store/4ba3nh7p56fsnidgr9jcqnpv4k7nwwrv-firebase-tools-14.12.0/lib/node_modules/firebase-tools/node_modules/winston-transport/node_modules/readable-stream/lib/_stream_writable.js:428:64)
[error] 
[error] Error: An unexpected error has occurred.
[debug] [2025-08-10T06:40:34.057Z] Error: write EPIPE
    at afterWriteDispatched (node:internal/stream_base_commons:161:15)
    at writeGeneric (node:internal/stream_base_commons:152:3)
    at Socket._writeGeneric (node:net:958:11)
    at Socket._write (node:net:970:8)
    at writeOrBuffer (node:internal/streams/writable:572:12)
    at _write (node:internal/streams/writable:501:10)
    at Writable.write (node:internal/streams/writable:510:10)
    at Console.log (/nix/store/4ba3nh7p56fsnidgr9jcqnpv4k7nwwrv-firebase-tools-14.12.0/lib/node_modules/firebase-tools/node_modules/winston/lib/winston/transports/console.js:79:23)
    at Console._write (/nix/store/4ba3nh7p56fsnidgr9jcqnpv4k7nwwrv-firebase-tools-14.12.0/lib/node_modules/firebase-tools/node_modules/winston-transport/index.js:103:17)
    at doWrite (/nix/store/4ba3nh7p56fsnidgr9jcqnpv4k7nwwrv-firebase-tools-14.12.0/lib/node_modules/firebase-tools/node_modules/winston-transport/node_modules/readable-stream/lib/_stream_writable.js:428:64)
[error] 
[error] Error: An unexpected error has occurred.
[debug] [2025-08-10T06:40:34.058Z] Error: write EPIPE
    at afterWriteDispatched (node:internal/stream_base_commons:161:15)
    at writeGeneric (node:internal/stream_base_commons:152:3)
    at Socket._writeGeneric (node:net:958:11)
    at Socket._write (node:net:970:8)
    at writeOrBuffer (node:internal/streams/writable:572:12)
    at _write (node:internal/streams/writable:501:10)
    at Writable.write (node:internal/streams/writable:510:10)
    at Console.log (/nix/store/4ba3nh7p56fsnidgr9jcqnpv4k7nwwrv-firebase-tools-14.12.0/lib/node_modules/firebase-tools/node_modules/winston/lib/winston/transports/console.js:79:23)
    at Console._write (/nix/store/4ba3nh7p56fsnidgr9jcqnpv4k7nwwrv-firebase-tools-14.12.0/lib/node_modules/firebase-tools/node_modules/winston-transport/index.js:103:17)
    at doWrite (/nix/store/4ba3nh7p56fsnidgr9jcqnpv4k7nwwrv-firebase-tools-14.12.0/lib/node_modules/firebase-tools/node_modules/winston-transport/node_modules/readable-stream/lib/_stream_writable.js:428:64)
[error] 
[error] Error: An unexpected error has occurred.
[debug] [2025-08-10T06:40:34.059Z] Error: write EPIPE
    at afterWriteDispatched (node:internal/stream_base_commons:161:15)
    at writeGeneric (node:internal/stream_base_commons:152:3)
    at Socket._writeGeneric (node:net:958:11)
    at Socket._write (node:net:970:8)
    at writeOrBuffer (node:internal/streams/writable:572:12)
    at _write (node:internal/streams/writable:501:10)
    at Writable.write (node:internal/streams/writable:510:10)
    at Console.log (/nix/store/4ba3nh7p56fsnidgr9jcqnpv4k7nwwrv-firebase-tools-14.12.0/lib/node_modules/firebase-tools/node_modules/winston/lib/winston/transports/console.js:79:23)
    at Console._write (/nix/store/4ba3nh7p56fsnidgr9jcqnpv4k7nwwrv-firebase-tools-14.12.0/lib/node_modules/firebase-tools/node_modules/winston-transport/index.js:103:17)
    at doWrite (/nix/store/4ba3nh7p56fsnidgr9jcqnpv4k7nwwrv-firebase-tools-14.12.0/lib/node_modules/firebase-tools/node_modules/winston-transport/node_modules/readable-stream/lib/_stream_writable.js:428:64)
[error] 
[error] Error: An unexpected error has occurred.
[debug] [2025-08-10T06:40:34.060Z] Error: write EPIPE
    at afterWriteDispatched (node:internal/stream_base_commons:161:15)
    at writeGeneric (node:internal/stream_base_commons:152:3)
    at Socket._writeGeneric (node:net:958:11)
    at Socket._write (node:net:970:8)
    at writeOrBuffer (node:internal/streams/writable:572:12)
    at _write (node:internal/streams/writable:501:10)
    at Writable.write (node:internal/streams/writable:510:10)
    at Console.log (/nix/store/4ba3nh7p56fsnidgr9jcqnpv4k7nwwrv-firebase-tools-14.12.0/lib/node_modules/firebase-tools/node_modules/winston/lib/winston/transports/console.js:79:23)
    at Console._write (/nix/store/4ba3nh7p56fsnidgr9jcqnpv4k7nwwrv-firebase-tools-14.12.0/lib/node_modules/firebase-tools/node_modules/winston-transport/index.js:103:17)
    at doWrite (/nix/store/4ba3nh7p56fsnidgr9jcqnpv4k7nwwrv-firebase-tools-14.12.0/lib/node_modules/firebase-tools/node_modules/winston-transport/node_modules/readable-stream/lib/_stream_writable.js:428:64)
[error] 
[error] Error: An unexpected error has occurred.
[debug] [2025-08-10T06:40:34.061Z] Error: write EPIPE
    at afterWriteDispatched (node:internal/stream_base_commons:161:15)
    at writeGeneric (node:internal/stream_base_commons:152:3)
    at Socket._writeGeneric (node:net:958:11)
    at Socket._write (node:net:970:8)
    at writeOrBuffer (node:internal/streams/writable:572:12)
    at _write (node:internal/streams/writable:501:10)
    at Writable.write (node:internal/streams/writable:510:10)
    at Console.log (/nix/store/4ba3nh7p56fsnidgr9jcqnpv4k7nwwrv-firebase-tools-14.12.0/lib/node_modules/firebase-tools/node_modules/winston/lib/winston/transports/console.js:79:23)
    at Console._write (/nix/store/4ba3nh7p56fsnidgr9jcqnpv4k7nwwrv-firebase-tools-14.12.0/lib/node_modules/firebase-tools/node_modules/winston-transport/index.js:103:17)
    at doWrite (/nix/store/4ba3nh7p56fsnidgr9jcqnpv4k7nwwrv-firebase-tools-14.12.0/lib/node_modules/firebase-tools/node_modules/winston-transport/node_modules/readable-stream/lib/_stream_writable.js:428:64)
[error] 
[error] Error: An unexpected error has occurred.
[debug] [2025-08-10T06:40:34.062Z] Error: write EPIPE
    at afterWriteDispatched (node:internal/stream_base_commons:161:15)
    at writeGeneric (node:internal/stream_base_commons:152:3)
    at Socket._writeGeneric (node:net:958:11)
    at Socket._write (node:net:970:8)
    at writeOrBuffer (node:internal/streams/writable:572:12)
    at _write (node:internal/streams/writable:501:10)
    at Writable.write (node:internal/streams/writable:510:10)
    at Console.log (/nix/store/4ba3nh7p56fsnidgr9jcqnpv4k7nwwrv-firebase-tools-14.12.0/lib/node_modules/firebase-tools/node_modules/winston/lib/winston/transports/console.js:79:23)
    at Console._write (/nix/store/4ba3nh7p56fsnidgr9jcqnpv4k7nwwrv-firebase-tools-14.12.0/lib/node_modules/firebase-tools/node_modules/winston-transport/index.js:103:17)
    at doWrite (/nix/store/4ba3nh7p56fsnidgr9jcqnpv4k7nwwrv-firebase-tools-14.12.0/lib/node_modules/firebase-tools/node_modules/winston-transport/node_modules/readable-stream/lib/_stream_writable.js:428:64)
[error] 
[error] Error: An unexpected error has occurred.
[debug] [2025-08-10T06:40:34.062Z] Error: write EPIPE
    at afterWriteDispatched (node:internal/stream_base_commons:161:15)
    at writeGeneric (node:internal/stream_base_commons:152:3)
    at Socket._writeGeneric (node:net:958:11)
    at Socket._write (node:net:970:8)
    at writeOrBuffer (node:internal/streams/writable:572:12)
    at _write (node:internal/streams/writable:501:10)
    at Writable.write (node:internal/streams/writable:510:10)
    at Console.log (/nix/store/4ba3nh7p56fsnidgr9jcqnpv4k7nwwrv-firebase-tools-14.12.0/lib/node_modules/firebase-tools/node_modules/winston/lib/winston/transports/console.js:79:23)
    at Console._write (/nix/store/4ba3nh7p56fsnidgr9jcqnpv4k7nwwrv-firebase-tools-14.12.0/lib/node_modules/firebase-tools/node_modules/winston-transport/index.js:103:17)
    at doWrite (/nix/store/4ba3nh7p56fsnidgr9jcqnpv4k7nwwrv-firebase-tools-14.12.0/lib/node_modules/firebase-tools/node_modules/winston-transport/node_modules/readable-stream/lib/_stream_writable.js:428:64)
[error] 
[error] Error: An unexpected error has occurred.
[debug] [2025-08-10T06:40:34.063Z] Error: write EPIPE
    at afterWriteDispatched (node:internal/stream_base_commons:161:15)
    at writeGeneric (node:internal/stream_base_commons:152:3)
    at Socket._writeGeneric (node:net:958:11)
    at Socket._write (node:net:970:8)
    at writeOrBuffer (node:internal/streams/writable:572:12)
    at _write (node:internal/streams/writable:501:10)
    at Writable.write (node:internal/streams/writable:510:10)
    at Console.log (/nix/store/4ba3nh7p56fsnidgr9jcqnpv4k7nwwrv-firebase-tools-14.12.0/lib/node_modules/firebase-tools/node_modules/winston/lib/winston/transports/console.js:79:23)
    at Console._write (/nix/store/4ba3nh7p56fsnidgr9jcqnpv4k7nwwrv-firebase-tools-14.12.0/lib/node_modules/firebase-tools/node_modules/winston-transport/index.js:103:17)
    at doWrite (/nix/store/4ba3nh7p56fsnidgr9jcqnpv4k7nwwrv-firebase-tools-14.12.0/lib/node_modules/firebase-tools/node_modules/winston-transport/node_modules/readable-stream/lib/_stream_writable.js:428:64)
[error] 
[error] Error: An unexpected error has occurred.
[debug] [2025-08-10T06:40:34.063Z] Error: write EPIPE
    at afterWriteDispatched (node:internal/stream_base_commons:161:15)
    at writeGeneric (node:internal/stream_base_commons:152:3)
    at Socket._writeGeneric (node:net:958:11)
    at Socket._write (node:net:970:8)
    at writeOrBuffer (node:internal/streams/writable:572:12)
    at _write (node:internal/streams/writable:501:10)
    at Writable.write (node:internal/streams/writable:510:10)
    at Console.log (/nix/store/4ba3nh7p56fsnidgr9jcqnpv4k7nwwrv-firebase-tools-14.12.0/lib/node_modules/firebase-tools/node_modules/winston/lib/winston/transports/console.js:79:23)
    at Console._write (/nix/store/4ba3nh7p56fsnidgr9jcqnpv4k7nwwrv-firebase-tools-14.12.0/lib/node_modules/firebase-tools/node_modules/winston-transport/index.js:103:17)
    at doWrite (/nix/store/4ba3nh7p56fsnidgr9jcqnpv4k7nwwrv-firebase-tools-14.12.0/lib/node_modules/firebase-tools/node_modules/winston-transport/node_modules/readable-stream/lib/_stream_writable.js:428:64)
[error] 
[error] Error: An unexpected error has occurred.
[debug] [2025-08-10T06:40:34.064Z] Error: write EPIPE
    at afterWriteDispatched (node:internal/stream_base_commons:161:15)
    at writeGeneric (node:internal/stream_base_commons:152:3)
    at Socket._writeGeneric (node:net:958:11)
    at Socket._write (node:net:970:8)
    at writeOrBuffer (node:internal/streams/writable:572:12)
    at _write (node:internal/streams/writable:501:10)
    at Writable.write (node:internal/streams/writable:510:10)
    at Console.log (/nix/store/4ba3nh7p56fsnidgr9jcqnpv4k7nwwrv-firebase-tools-14.12.0/lib/node_modules/firebase-tools/node_modules/winston/lib/winston/transports/console.js:79:23)
    at Console._write (/nix/store/4ba3nh7p56fsnidgr9jcqnpv4k7nwwrv-firebase-tools-14.12.0/lib/node_modules/firebase-tools/node_modules/winston-transport/index.js:103:17)
    at doWrite (/nix/store/4ba3nh7p56fsnidgr9jcqnpv4k7nwwrv-firebase-tools-14.12.0/lib/node_modules/firebase-tools/node_modules/winston-transport/node_modules/readable-stream/lib/_stream_writable.js:428:64)
[error] 
[error] Error: An unexpected error has occurred.
[debug] [2025-08-10T06:40:34.064Z] Error: write EPIPE
    at afterWriteDispatched (node:internal/stream_base_commons:161:15)
    at writeGeneric (node:internal/stream_base_commons:152:3)
    at Socket._writeGeneric (node:net:958:11)
    at Socket._write (node:net:970:8)
    at writeOrBuffer (node:internal/streams/writable:572:12)
    at _write (node:internal/streams/writable:501:10)
    at Writable.write (node:internal/streams/writable:510:10)
    at Console.log (/nix/store/4ba3nh7p56fsnidgr9jcqnpv4k7nwwrv-firebase-tools-14.12.0/lib/node_modules/firebase-tools/node_modules/winston/lib/winston/transports/console.js:79:23)
    at Console._write (/nix/store/4ba3nh7p56fsnidgr9jcqnpv4k7nwwrv-firebase-tools-14.12.0/lib/node_modules/firebase-tools/node_modules/winston-transport/index.js:103:17)
    at doWrite (/nix/store/4ba3nh7p56fsnidgr9jcqnpv4k7nwwrv-firebase-tools-14.12.0/lib/node_modules/firebase-tools/node_modules/winston-transport/node_modules/readable-stream/lib/_stream_writable.js:428:64)
[error] 
[error] Error: An unexpected error has occurred.
[debug] [2025-08-10T06:40:34.065Z] Error: write EPIPE
    at afterWriteDispatched (node:internal/stream_base_commons:161:15)
    at writeGeneric (node:internal/stream_base_commons:152:3)
    at Socket._writeGeneric (node:net:958:11)
    at Socket._write (node:net:970:8)
    at writeOrBuffer (node:internal/streams/writable:572:12)
    at _write (node:internal/streams/writable:501:10)
    at Writable.write (node:internal/streams/writable:510:10)
    at Console.log (/nix/store/4ba3nh7p56fsnidgr9jcqnpv4k7nwwrv-firebase-tools-14.12.0/lib/node_modules/firebase-tools/node_modules/winston/lib/winston/transports/console.js:79:23)
    at Console._write (/nix/store/4ba3nh7p56fsnidgr9jcqnpv4k7nwwrv-firebase-tools-14.12.0/lib/node_modules/firebase-tools/node_modules/winston-transport/index.js:103:17)
    at doWrite (/nix/store/4ba3nh7p56fsnidgr9jcqnpv4k7nwwrv-firebase-tools-14.12.0/lib/node_modules/firebase-tools/node_modules/winston-transport/node_modules/readable-stream/lib/_stream_writable.js:428:64)
[error] 
[error] Error: An unexpected error has occurred.
[debug] [2025-08-10T06:40:34.065Z] Error: write EPIPE
    at afterWriteDispatched (node:internal/stream_base_commons:161:15)
    at writeGeneric (node:internal/stream_base_commons:152:3)
    at Socket._writeGeneric (node:net:958:11)
    at Socket._write (node:net:970:8)
    at writeOrBuffer (node:internal/streams/writable:572:12)
    at _write (node:internal/streams/writable:501:10)
    at Writable.write (node:internal/streams/writable:510:10)
    at Console.log (/nix/store/4ba3nh7p56fsnidgr9jcqnpv4k7nwwrv-firebase-tools-14.12.0/lib/node_modules/firebase-tools/node_modules/winston/lib/winston/transports/console.js:79:23)
    at Console._write (/nix/store/4ba3nh7p56fsnidgr9jcqnpv4k7nwwrv-firebase-tools-14.12.0/lib/node_modules/firebase-tools/node_modules/winston-transport/index.js:103:17)
    at doWrite (/nix/store/4ba3nh7p56fsnidgr9jcqnpv4k7nwwrv-firebase-tools-14.12.0/lib/node_modules/firebase-tools/node_modules/winston-transport/node_modules/readable-stream/lib/_stream_writable.js:428:64)
[error] 
[error] Error: An unexpected error has occurred.
[debug] [2025-08-10T06:40:34.065Z] Error: write EPIPE
    at afterWriteDispatched (node:internal/stream_base_commons:161:15)
    at writeGeneric (node:internal/stream_base_commons:152:3)
    at Socket._writeGeneric (node:net:958:11)
    at Socket._write (node:net:970:8)
    at writeOrBuffer (node:internal/streams/writable:572:12)
    at _write (node:internal/streams/writable:501:10)
    at Writable.write (node:internal/streams/writable:510:10)
    at Console.log (/nix/store/4ba3nh7p56fsnidgr9jcqnpv4k7nwwrv-firebase-tools-14.12.0/lib/node_modules/firebase-tools/node_modules/winston/lib/winston/transports/console.js:79:23)
    at Console._write (/nix/store/4ba3nh7p56fsnidgr9jcqnpv4k7nwwrv-firebase-tools-14.12.0/lib/node_modules/firebase-tools/node_modules/winston-transport/index.js:103:17)
    at doWrite (/nix/store/4ba3nh7p56fsnidgr9jcqnpv4k7nwwrv-firebase-tools-14.12.0/lib/node_modules/firebase-tools/node_modules/winston-transport/node_modules/readable-stream/lib/_stream_writable.js:428:64)
[error] 
[error] Error: An unexpected error has occurred.
[debug] [2025-08-10T06:40:34.066Z] Error: write EPIPE
    at afterWriteDispatched (node:internal/stream_base_commons:161:15)
    at writeGeneric (node:internal/stream_base_commons:152:3)
    at Socket._writeGeneric (node:net:958:11)
    at Socket._write (node:net:970:8)
    at writeOrBuffer (node:internal/streams/writable:572:12)
    at _write (node:internal/streams/writable:501:10)
    at Writable.write (node:internal/streams/writable:510:10)
    at Console.log (/nix/store/4ba3nh7p56fsnidgr9jcqnpv4k7nwwrv-firebase-tools-14.12.0/lib/node_modules/firebase-tools/node_modules/winston/lib/winston/transports/console.js:79:23)
    at Console._write (/nix/store/4ba3nh7p56fsnidgr9jcqnpv4k7nwwrv-firebase-tools-14.12.0/lib/node_modules/firebase-tools/node_modules/winston-transport/index.js:103:17)
    at doWrite (/nix/store/4ba3nh7p56fsnidgr9jcqnpv4k7nwwrv-firebase-tools-14.12.0/lib/node_modules/firebase-tools/node_modules/winston-transport/node_modules/readable-stream/lib/_stream_writable.js:428:64)
[error] 
[error] Error: An unexpected error has occurred.
[debug] [2025-08-10T06:40:34.066Z] Error: write EPIPE
    at afterWriteDispatched (node:internal/stream_base_commons:161:15)
    at writeGeneric (node:internal/stream_base_commons:152:3)
    at Socket._writeGeneric (node:net:958:11)
    at Socket._write (node:net:970:8)
    at writeOrBuffer (node:internal/streams/writable:572:12)
    at _write (node:internal/streams/writable:501:10)
    at Writable.write (node:internal/streams/writable:510:10)
    at Console.log (/nix/store/4ba3nh7p56fsnidgr9jcqnpv4k7nwwrv-firebase-tools-14.12.0/lib/node_modules/firebase-tools/node_modules/winston/lib/winston/transports/console.js:79:23)
    at Console._write (/nix/store/4ba3nh7p56fsnidgr9jcqnpv4k7nwwrv-firebase-tools-14.12.0/lib/node_modules/firebase-tools/node_modules/winston-transport/index.js:103:17)
    at doWrite (/nix/store/4ba3nh7p56fsnidgr9jcqnpv4k7nwwrv-firebase-tools-14.12.0/lib/node_modules/firebase-tools/node_modules/winston-transport/node_modules/readable-stream/lib/_stream_writable.js:428:64)
[error] 
[error] Error: An unexpected error has occurred.
[debug] [2025-08-10T06:40:34.067Z] Error: write EPIPE
    at afterWriteDispatched (node:internal/stream_base_commons:161:15)
    at writeGeneric (node:internal/stream_base_commons:152:3)
    at Socket._writeGeneric (node:net:958:11)
    at Socket._write (node:net:970:8)
    at writeOrBuffer (node:internal/streams/writable:572:12)
    at _write (node:internal/streams/writable:501:10)
    at Writable.write (node:internal/streams/writable:510:10)
    at Console.log (/nix/store/4ba3nh7p56fsnidgr9jcqnpv4k7nwwrv-firebase-tools-14.12.0/lib/node_modules/firebase-tools/node_modules/winston/lib/winston/transports/console.js:79:23)
    at Console._write (/nix/store/4ba3nh7p56fsnidgr9jcqnpv4k7nwwrv-firebase-tools-14.12.0/lib/node_modules/firebase-tools/node_modules/winston-transport/index.js:103:17)
    at doWrite (/nix/store/4ba3nh7p56fsnidgr9jcqnpv4k7nwwrv-firebase-tools-14.12.0/lib/node_modules/firebase-tools/node_modules/winston-transport/node_modules/readable-stream/lib/_stream_writable.js:428:64)
[error] 
[error] Error: An unexpected error has occurred.
[debug] [2025-08-10T06:40:34.067Z] Error: write EPIPE
    at afterWriteDispatched (node:internal/stream_base_commons:161:15)
    at writeGeneric (node:internal/stream_base_commons:152:3)
    at Socket._writeGeneric (node:net:958:11)
    at Socket._write (node:net:970:8)
    at writeOrBuffer (node:internal/streams/writable:572:12)
    at _write (node:internal/streams/writable:501:10)
    at Writable.write (node:internal/streams/writable:510:10)
    at Console.log (/nix/store/4ba3nh7p56fsnidgr9jcqnpv4k7nwwrv-firebase-tools-14.12.0/lib/node_modules/firebase-tools/node_modules/winston/lib/winston/transports/console.js:79:23)
    at Console._write (/nix/store/4ba3nh7p56fsnidgr9jcqnpv4k7nwwrv-firebase-tools-14.12.0/lib/node_modules/firebase-tools/node_modules/winston-transport/index.js:103:17)
    at doWrite (/nix/store/4ba3nh7p56fsnidgr9jcqnpv4k7nwwrv-firebase-tools-14.12.0/lib/node_modules/firebase-tools/node_modules/winston-transport/node_modules/readable-stream/lib/_stream_writable.js:428:64)
[error] 
[error] Error: An unexpected error has occurred.
[debug] [2025-08-10T06:40:34.068Z] Error: write EPIPE
    at afterWriteDispatched (node:internal/stream_base_commons:161:15)
    at writeGeneric (node:internal/stream_base_commons:152:3)
    at Socket._writeGeneric (node:net:958:11)
    at Socket._write (node:net:970:8)
    at writeOrBuffer (node:internal/streams/writable:572:12)
    at _write (node:internal/streams/writable:501:10)
    at Writable.write (node:internal/streams/writable:510:10)
    at Console.log (/nix/store/4ba3nh7p56fsnidgr9jcqnpv4k7nwwrv-firebase-tools-14.12.0/lib/node_modules/firebase-tools/node_modules/winston/lib/winston/transports/console.js:79:23)
    at Console._write (/nix/store/4ba3nh7p56fsnidgr9jcqnpv4k7nwwrv-firebase-tools-14.12.0/lib/node_modules/firebase-tools/node_modules/winston-transport/index.js:103:17)
    at doWrite (/nix/store/4ba3nh7p56fsnidgr9jcqnpv4k7nwwrv-firebase-tools-14.12.0/lib/node_modules/firebase-tools/node_modules/winston-transport/node_modules/readable-stream/lib/_stream_writable.js:428:64)
[error] 
[error] Error: An unexpected error has occurred.
[debug] [2025-08-10T06:40:34.068Z] Error: write EPIPE
    at afterWriteDispatched (node:internal/stream_base_commons:161:15)
    at writeGeneric (node:internal/stream_base_commons:152:3)
    at Socket._writeGeneric (node:net:958:11)
    at Socket._write (node:net:970:8)
    at writeOrBuffer (node:internal/streams/writable:572:12)
    at _write (node:internal/streams/writable:501:10)
    at Writable.write (node:internal/streams/writable:510:10)
    at Console.log (/nix/store/4ba3nh7p56fsnidgr9jcqnpv4k7nwwrv-firebase-tools-14.12.0/lib/node_modules/firebase-tools/node_modules/winston/lib/winston/transports/console.js:79:23)
    at Console._write (/nix/store/4ba3nh7p56fsnidgr9jcqnpv4k7nwwrv-firebase-tools-14.12.0/lib/node_modules/firebase-tools/node_modules/winston-transport/index.js:103:17)
    at doWrite (/nix/store/4ba3nh7p56fsnidgr9jcqnpv4k7nwwrv-firebase-tools-14.12.0/lib/node_modules/firebase-tools/node_modules/winston-transport/node_modules/readable-stream/lib/_stream_writable.js:428:64)
[error] 
[error] Error: An unexpected error has occurred.
[debug] [2025-08-10T06:40:34.069Z] Error: write EPIPE
    at afterWriteDispatched (node:internal/stream_base_commons:161:15)
    at writeGeneric (node:internal/stream_base_commons:152:3)
    at Socket._writeGeneric (node:net:958:11)
    at Socket._write (node:net:970:8)
    at writeOrBuffer (node:internal/streams/writable:572:12)
    at _write (node:internal/streams/writable:501:10)
    at Writable.write (node:internal/streams/writable:510:10)
    at Console.log (/nix/store/4ba3nh7p56fsnidgr9jcqnpv4k7nwwrv-firebase-tools-14.12.0/lib/node_modules/firebase-tools/node_modules/winston/lib/winston/transports/console.js:79:23)
    at Console._write (/nix/store/4ba3nh7p56fsnidgr9jcqnpv4k7nwwrv-firebase-tools-14.12.0/lib/node_modules/firebase-tools/node_modules/winston-transport/index.js:103:17)
    at doWrite (/nix/store/4ba3nh7p56fsnidgr9jcqnpv4k7nwwrv-firebase-tools-14.12.0/lib/node_modules/firebase-tools/node_modules/winston-transport/node_modules/readable-stream/lib/_stream_writable.js:428:64)
[error] 
[error] Error: An unexpected error has occurred.
[debug] [2025-08-10T06:40:34.069Z] Error: write EPIPE
    at afterWriteDispatched (node:internal/stream_base_commons:161:15)
    at writeGeneric (node:internal/stream_base_commons:152:3)
    at Socket._writeGeneric (node:net:958:11)
    at Socket._write (node:net:970:8)
    at writeOrBuffer (node:internal/streams/writable:572:12)
    at _write (node:internal/streams/writable:501:10)
    at Writable.write (node:internal/streams/writable:510:10)
    at Console.log (/nix/store/4ba3nh7p56fsnidgr9jcqnpv4k7nwwrv-firebase-tools-14.12.0/lib/node_modules/firebase-tools/node_modules/winston/lib/winston/transports/console.js:79:23)
    at Console._write (/nix/store/4ba3nh7p56fsnidgr9jcqnpv4k7nwwrv-firebase-tools-14.12.0/lib/node_modules/firebase-tools/node_modules/winston-transport/index.js:103:17)
    at doWrite (/nix/store/4ba3nh7p56fsnidgr9jcqnpv4k7nwwrv-firebase-tools-14.12.0/lib/node_modules/firebase-tools/node_modules/winston-transport/node_modules/readable-stream/lib/_stream_writable.js:428:64)
[error] 
[error] Error: An unexpected error has occurred.
[debug] [2025-08-10T06:40:34.069Z] Error: write EPIPE
    at afterWriteDispatched (node:internal/stream_base_commons:161:15)
    at writeGeneric (node:internal/stream_base_commons:152:3)
    at Socket._writeGeneric (node:net:958:11)
    at Socket._write (node:net:970:8)
    at writeOrBuffer (node:internal/streams/writable:572:12)
    at _write (node:internal/streams/writable:501:10)
    at Writable.write (node:internal/streams/writable:510:10)
    at Console.log (/nix/store/4ba3nh7p56fsnidgr9jcqnpv4k7nwwrv-firebase-tools-14.12.0/lib/node_modules/firebase-tools/node_modules/winston/lib/winston/transports/console.js:79:23)
    at Console._write (/nix/store/4ba3nh7p56fsnidgr9jcqnpv4k7nwwrv-firebase-tools-14.12.0/lib/node_modules/firebase-tools/node_modules/winston-transport/index.js:103:17)
    at doWrite (/nix/store/4ba3nh7p56fsnidgr9jcqnpv4k7nwwrv-firebase-tools-14.12.0/lib/node_modules/firebase-tools/node_modules/winston-transport/node_modules/readable-stream/lib/_stream_writable.js:428:64)
[error] 
[error] Error: An unexpected error has occurred.
[debug] [2025-08-10T06:40:34.070Z] Error: write EPIPE
    at afterWriteDispatched (node:internal/stream_base_commons:161:15)
    at writeGeneric (node:internal/stream_base_commons:152:3)
    at Socket._writeGeneric (node:net:958:11)
    at Socket._write (node:net:970:8)
    at writeOrBuffer (node:internal/streams/writable:572:12)
    at _write (node:internal/streams/writable:501:10)
    at Writable.write (node:internal/streams/writable:510:10)
    at Console.log (/nix/store/4ba3nh7p56fsnidgr9jcqnpv4k7nwwrv-firebase-tools-14.12.0/lib/node_modules/firebase-tools/node_modules/winston/lib/winston/transports/console.js:79:23)
    at Console._write (/nix/store/4ba3nh7p56fsnidgr9jcqnpv4k7nwwrv-firebase-tools-14.12.0/lib/node_modules/firebase-tools/node_modules/winston-transport/index.js:103:17)
    at doWrite (/nix/store/4ba3nh7p56fsnidgr9jcqnpv4k7nwwrv-firebase-tools-14.12.0/lib/node_modules/firebase-tools/node_modules/winston-transport/node_modules/readable-stream/lib/_stream_writable.js:428:64)
[error] 
[error] Error: An unexpected error has occurred.
[debug] [2025-08-10T06:40:34.070Z] Error: write EPIPE
    at afterWriteDispatched (node:internal/stream_base_commons:161:15)
    at writeGeneric (node:internal/stream_base_commons:152:3)
    at Socket._writeGeneric (node:net:958:11)
    at Socket._write (node:net:970:8)
    at writeOrBuffer (node:internal/streams/writable:572:12)
    at _write (node:internal/streams/writable:501:10)
    at Writable.write (node:internal/streams/writable:510:10)
    at Console.log (/nix/store/4ba3nh7p56fsnidgr9jcqnpv4k7nwwrv-firebase-tools-14.12.0/lib/node_modules/firebase-tools/node_modules/winston/lib/winston/transports/console.js:79:23)
    at Console._write (/nix/store/4ba3nh7p56fsnidgr9jcqnpv4k7nwwrv-firebase-tools-14.12.0/lib/node_modules/firebase-tools/node_modules/winston-transport/index.js:103:17)
    at doWrite (/nix/store/4ba3nh7p56fsnidgr9jcqnpv4k7nwwrv-firebase-tools-14.12.0/lib/node_modules/firebase-tools/node_modules/winston-transport/node_modules/readable-stream/lib/_stream_writable.js:428:64)
[error] 
[error] Error: An unexpected error has occurred.
[debug] [2025-08-10T06:40:34.072Z] Error: write EPIPE
    at afterWriteDispatched (node:internal/stream_base_commons:161:15)
    at writeGeneric (node:internal/stream_base_commons:152:3)
    at Socket._writeGeneric (node:net:958:11)
    at Socket._write (node:net:970:8)
    at writeOrBuffer (node:internal/streams/writable:572:12)
    at _write (node:internal/streams/writable:501:10)
    at Writable.write (node:internal/streams/writable:510:10)
    at Console.log (/nix/store/4ba3nh7p56fsnidgr9jcqnpv4k7nwwrv-firebase-tools-14.12.0/lib/node_modules/firebase-tools/node_modules/winston/lib/winston/transports/console.js:79:23)
    at Console._write (/nix/store/4ba3nh7p56fsnidgr9jcqnpv4k7nwwrv-firebase-tools-14.12.0/lib/node_modules/firebase-tools/node_modules/winston-transport/index.js:103:17)
    at doWrite (/nix/store/4ba3nh7p56fsnidgr9jcqnpv4k7nwwrv-firebase-tools-14.12.0/lib/node_modules/firebase-tools/node_modules/winston-transport/node_modules/readable-stream/lib/_stream_writable.js:428:64)
[error] 
[error] Error: An unexpected error has occurred.
[debug] [2025-08-10T06:40:34.073Z] Error: write EPIPE
    at afterWriteDispatched (node:internal/stream_base_commons:161:15)
    at writeGeneric (node:internal/stream_base_commons:152:3)
    at Socket._writeGeneric (node:net:958:11)
    at Socket._write (node:net:970:8)
    at writeOrBuffer (node:internal/streams/writable:572:12)
    at _write (node:internal/streams/writable:501:10)
    at Writable.write (node:internal/streams/writable:510:10)
    at Console.log (/nix/store/4ba3nh7p56fsnidgr9jcqnpv4k7nwwrv-firebase-tools-14.12.0/lib/node_modules/firebase-tools/node_modules/winston/lib/winston/transports/console.js:79:23)
    at Console._write (/nix/store/4ba3nh7p56fsnidgr9jcqnpv4k7nwwrv-firebase-tools-14.12.0/lib/node_modules/firebase-tools/node_modules/winston-transport/index.js:103:17)
    at doWrite (/nix/store/4ba3nh7p56fsnidgr9jcqnpv4k7nwwrv-firebase-tools-14.12.0/lib/node_modules/firebase-tools/node_modules/winston-transport/node_modules/readable-stream/lib/_stream_writable.js:428:64)
[error] 
[error] Error: An unexpected error has occurred.
[debug] [2025-08-10T06:40:34.074Z] Error: write EPIPE
    at afterWriteDispatched (node:internal/stream_base_commons:161:15)
    at writeGeneric (node:internal/stream_base_commons:152:3)
    at Socket._writeGeneric (node:net:958:11)
    at Socket._write (node:net:970:8)
    at writeOrBuffer (node:internal/streams/writable:572:12)
    at _write (node:internal/streams/writable:501:10)
    at Writable.write (node:internal/streams/writable:510:10)
    at Console.log (/nix/store/4ba3nh7p56fsnidgr9jcqnpv4k7nwwrv-firebase-tools-14.12.0/lib/node_modules/firebase-tools/node_modules/winston/lib/winston/transports/console.js:79:23)
    at Console._write (/nix/store/4ba3nh7p56fsnidgr9jcqnpv4k7nwwrv-firebase-tools-14.12.0/lib/node_modules/firebase-tools/node_modules/winston-transport/index.js:103:17)
    at doWrite (/nix/store/4ba3nh7p56fsnidgr9jcqnpv4k7nwwrv-firebase-tools-14.12.0/lib/node_modules/firebase-tools/node_modules/winston-transport/node_modules/readable-stream/lib/_stream_writable.js:428:64)
[error] 
[error] Error: An unexpected error has occurred.
[debug] [2025-08-10T06:40:34.074Z] Error: write EPIPE
    at afterWriteDispatched (node:internal/stream_base_commons:161:15)
    at writeGeneric (node:internal/stream_base_commons:152:3)
    at Socket._writeGeneric (node:net:958:11)
    at Socket._write (node:net:970:8)
    at writeOrBuffer (node:internal/streams/writable:572:12)
    at _write (node:internal/streams/writable:501:10)
    at Writable.write (node:internal/streams/writable:510:10)
    at Console.log (/nix/store/4ba3nh7p56fsnidgr9jcqnpv4k7nwwrv-firebase-tools-14.12.0/lib/node_modules/firebase-tools/node_modules/winston/lib/winston/transports/console.js:79:23)
    at Console._write (/nix/store/4ba3nh7p56fsnidgr9jcqnpv4k7nwwrv-firebase-tools-14.12.0/lib/node_modules/firebase-tools/node_modules/winston-transport/index.js:103:17)
    at doWrite (/nix/store/4ba3nh7p56fsnidgr9jcqnpv4k7nwwrv-firebase-tools-14.12.0/lib/node_modules/firebase-tools/node_modules/winston-transport/node_modules/readable-stream/lib/_stream_writable.js:428:64)
[error] 
[error] Error: An unexpected error has occurred.
[debug] [2025-08-10T06:40:34.075Z] Error: write EPIPE
    at afterWriteDispatched (node:internal/stream_base_commons:161:15)
    at writeGeneric (node:internal/stream_base_commons:152:3)
    at Socket._writeGeneric (node:net:958:11)
    at Socket._write (node:net:970:8)
    at writeOrBuffer (node:internal/streams/writable:572:12)
    at _write (node:internal/streams/writable:501:10)
    at Writable.write (node:internal/streams/writable:510:10)
    at Console.log (/nix/store/4ba3nh7p56fsnidgr9jcqnpv4k7nwwrv-firebase-tools-14.12.0/lib/node_modules/firebase-tools/node_modules/winston/lib/winston/transports/console.js:79:23)
    at Console._write (/nix/store/4ba3nh7p56fsnidgr9jcqnpv4k7nwwrv-firebase-tools-14.12.0/lib/node_modules/firebase-tools/node_modules/winston-transport/index.js:103:17)
    at doWrite (/nix/store/4ba3nh7p56fsnidgr9jcqnpv4k7nwwrv-firebase-tools-14.12.0/lib/node_modules/firebase-tools/node_modules/winston-transport/node_modules/readable-stream/lib/_stream_writable.js:428:64)
[error] 
[error] Error: An unexpected error has occurred.
[debug] [2025-08-10T06:40:34.075Z] Error: write EPIPE
    at afterWriteDispatched (node:internal/stream_base_commons:161:15)
    at writeGeneric (node:internal/stream_base_commons:152:3)
    at Socket._writeGeneric (node:net:958:11)
    at Socket._write (node:net:970:8)
    at writeOrBuffer (node:internal/streams/writable:572:12)
    at _write (node:internal/streams/writable:501:10)
    at Writable.write (node:internal/streams/writable:510:10)
    at Console.log (/nix/store/4ba3nh7p56fsnidgr9jcqnpv4k7nwwrv-firebase-tools-14.12.0/lib/node_modules/firebase-tools/node_modules/winston/lib/winston/transports/console.js:79:23)
    at Console._write (/nix/store/4ba3nh7p56fsnidgr9jcqnpv4k7nwwrv-firebase-tools-14.12.0/lib/node_modules/firebase-tools/node_modules/winston-transport/index.js:103:17)
    at doWrite (/nix/store/4ba3nh7p56fsnidgr9jcqnpv4k7nwwrv-firebase-tools-14.12.0/lib/node_modules/firebase-tools/node_modules/winston-transport/node_modules/readable-stream/lib/_stream_writable.js:428:64)
[error] 
[error] Error: An unexpected error has occurred.
[debug] [2025-08-10T06:40:34.076Z] Error: write EPIPE
    at afterWriteDispatched (node:internal/stream_base_commons:161:15)
    at writeGeneric (node:internal/stream_base_commons:152:3)
    at Socket._writeGeneric (node:net:958:11)
    at Socket._write (node:net:970:8)
    at writeOrBuffer (node:internal/streams/writable:572:12)
    at _write (node:internal/streams/writable:501:10)
    at Writable.write (node:internal/streams/writable:510:10)
    at Console.log (/nix/store/4ba3nh7p56fsnidgr9jcqnpv4k7nwwrv-firebase-tools-14.12.0/lib/node_modules/firebase-tools/node_modules/winston/lib/winston/transports/console.js:79:23)
    at Console._write (/nix/store/4ba3nh7p56fsnidgr9jcqnpv4k7nwwrv-firebase-tools-14.12.0/lib/node_modules/firebase-tools/node_modules/winston-transport/index.js:103:17)
    at doWrite (/nix/store/4ba3nh7p56fsnidgr9jcqnpv4k7nwwrv-firebase-tools-14.12.0/lib/node_modules/firebase-tools/node_modules/winston-transport/node_modules/readable-stream/lib/_stream_writable.js:428:64)
[error] 
[error] Error: An unexpected error has occurred.
[debug] [2025-08-10T06:40:34.076Z] Error: write EPIPE
    at afterWriteDispatched (node:internal/stream_base_commons:161:15)
    at writeGeneric (node:internal/stream_base_commons:152:3)
    at Socket._writeGeneric (node:net:958:11)
    at Socket._write (node:net:970:8)
    at writeOrBuffer (node:internal/streams/writable:572:12)
    at _write (node:internal/streams/writable:501:10)
    at Writable.write (node:internal/streams/writable:510:10)
    at Console.log (/nix/store/4ba3nh7p56fsnidgr9jcqnpv4k7nwwrv-firebase-tools-14.12.0/lib/node_modules/firebase-tools/node_modules/winston/lib/winston/transports/console.js:79:23)
    at Console._write (/nix/store/4ba3nh7p56fsnidgr9jcqnpv4k7nwwrv-firebase-tools-14.12.0/lib/node_modules/firebase-tools/node_modules/winston-transport/index.js:103:17)
    at doWrite (/nix/store/4ba3nh7p56fsnidgr9jcqnpv4k7nwwrv-firebase-tools-14.12.0/lib/node_modules/firebase-tools/node_modules/winston-transport/node_modules/readable-stream/lib/_stream_writable.js:428:64)
[error] 
[error] Error: An unexpected error has occurred.
[debug] [2025-08-10T06:40:34.077Z] Error: write EPIPE
    at afterWriteDispatched (node:internal/stream_base_commons:161:15)
    at writeGeneric (node:internal/stream_base_commons:152:3)
    at Socket._writeGeneric (node:net:958:11)
    at Socket._write (node:net:970:8)
    at writeOrBuffer (node:internal/streams/writable:572:12)
    at _write (node:internal/streams/writable:501:10)
    at Writable.write (node:internal/streams/writable:510:10)
    at Console.log (/nix/store/4ba3nh7p56fsnidgr9jcqnpv4k7nwwrv-firebase-tools-14.12.0/lib/node_modules/firebase-tools/node_modules/winston/lib/winston/transports/console.js:79:23)
    at Console._write (/nix/store/4ba3nh7p56fsnidgr9jcqnpv4k7nwwrv-firebase-tools-14.12.0/lib/node_modules/firebase-tools/node_modules/winston-transport/index.js:103:17)
    at doWrite (/nix/store/4ba3nh7p56fsnidgr9jcqnpv4k7nwwrv-firebase-tools-14.12.0/lib/node_modules/firebase-tools/node_modules/winston-transport/node_modules/readable-stream/lib/_stream_writable.js:428:64)
[error] 
[error] Error: An unexpected error has occurred.
[debug] [2025-08-10T06:40:34.090Z] Error: write EPIPE
    at afterWriteDispatched (node:internal/stream_base_commons:161:15)
    at writeGeneric (node:internal/stream_base_commons:152:3)
    at Socket._writeGeneric (node:net:958:11)
    at Socket._write (node:net:970:8)
    at writeOrBuffer (node:internal/streams/writable:572:12)
    at _write (node:internal/streams/writable:501:10)
    at Writable.write (node:internal/streams/writable:510:10)
    at Console.log (/nix/store/4ba3nh7p56fsnidgr9jcqnpv4k7nwwrv-firebase-tools-14.12.0/lib/node_modules/firebase-tools/node_modules/winston/lib/winston/transports/console.js:79:23)
    at Console._write (/nix/store/4ba3nh7p56fsnidgr9jcqnpv4k7nwwrv-firebase-tools-14.12.0/lib/node_modules/firebase-tools/node_modules/winston-transport/index.js:103:17)
    at doWrite (/nix/store/4ba3nh7p56fsnidgr9jcqnpv4k7nwwrv-firebase-tools-14.12.0/lib/node_modules/firebase-tools/node_modules/winston-transport/node_modules/readable-stream/lib/_stream_writable.js:428:64)
[error] 
[error] Error: An unexpected error has occurred.
[debug] [2025-08-10T06:40:34.099Z] Error: write EPIPE
    at afterWriteDispatched (node:internal/stream_base_commons:161:15)
    at writeGeneric (node:internal/stream_base_commons:152:3)
    at Socket._writeGeneric (node:net:958:11)
    at Socket._write (node:net:970:8)
    at writeOrBuffer (node:internal/streams/writable:572:12)
    at _write (node:internal/streams/writable:501:10)
    at Writable.write (node:internal/streams/writable:510:10)
    at Console.log (/nix/store/4ba3nh7p56fsnidgr9jcqnpv4k7nwwrv-firebase-tools-14.12.0/lib/node_modules/firebase-tools/node_modules/winston/lib/winston/transports/console.js:79:23)
    at Console._write (/nix/store/4ba3nh7p56fsnidgr9jcqnpv4k7nwwrv-firebase-tools-14.12.0/lib/node_modules/firebase-tools/node_modules/winston-transport/index.js:103:17)
    at doWrite (/nix/store/4ba3nh7p56fsnidgr9jcqnpv4k7nwwrv-firebase-tools-14.12.0/lib/node_modules/firebase-tools/node_modules/winston-transport/node_modules/readable-stream/lib/_stream_writable.js:428:64)
[error] 
[error] Error: An unexpected error has occurred.
[debug] [2025-08-10T06:40:34.104Z] Error: write EPIPE
    at afterWriteDispatched (node:internal/stream_base_commons:161:15)
    at writeGeneric (node:internal/stream_base_commons:152:3)
    at Socket._writeGeneric (node:net:958:11)
    at Socket._write (node:net:970:8)
    at writeOrBuffer (node:internal/streams/writable:572:12)
    at _write (node:internal/streams/writable:501:10)
    at Writable.write (node:internal/streams/writable:510:10)
    at Console.log (/nix/store/4ba3nh7p56fsnidgr9jcqnpv4k7nwwrv-firebase-tools-14.12.0/lib/node_modules/firebase-tools/node_modules/winston/lib/winston/transports/console.js:79:23)
    at Console._write (/nix/store/4ba3nh7p56fsnidgr9jcqnpv4k7nwwrv-firebase-tools-14.12.0/lib/node_modules/firebase-tools/node_modules/winston-transport/index.js:103:17)
    at doWrite (/nix/store/4ba3nh7p56fsnidgr9jcqnpv4k7nwwrv-firebase-tools-14.12.0/lib/node_modules/firebase-tools/node_modules/winston-transport/node_modules/readable-stream/lib/_stream_writable.js:428:64)
[error] 
[error] Error: An unexpected error has occurred.
[debug] [2025-08-10T06:40:34.107Z] Error: write EPIPE
    at afterWriteDispatched (node:internal/stream_base_commons:161:15)
    at writeGeneric (node:internal/stream_base_commons:152:3)
    at Socket._writeGeneric (node:net:958:11)
    at Socket._write (node:net:970:8)
    at writeOrBuffer (node:internal/streams/writable:572:12)
    at _write (node:internal/streams/writable:501:10)
    at Writable.write (node:internal/streams/writable:510:10)
    at Console.log (/nix/store/4ba3nh7p56fsnidgr9jcqnpv4k7nwwrv-firebase-tools-14.12.0/lib/node_modules/firebase-tools/node_modules/winston/lib/winston/transports/console.js:79:23)
    at Console._write (/nix/store/4ba3nh7p56fsnidgr9jcqnpv4k7nwwrv-firebase-tools-14.12.0/lib/node_modules/firebase-tools/node_modules/winston-transport/index.js:103:17)
    at doWrite (/nix/store/4ba3nh7p56fsnidgr9jcqnpv4k7nwwrv-firebase-tools-14.12.0/lib/node_modules/firebase-tools/node_modules/winston-transport/node_modules/readable-stream/lib/_stream_writable.js:428:64)
[error] 
[error] Error: An unexpected error has occurred.
[debug] [2025-08-10T06:40:34.107Z] Error: write EPIPE
    at afterWriteDispatched (node:internal/stream_base_commons:161:15)
    at writeGeneric (node:internal/stream_base_commons:152:3)
    at Socket._writeGeneric (node:net:958:11)
    at Socket._write (node:net:970:8)
    at writeOrBuffer (node:internal/streams/writable:572:12)
    at _write (node:internal/streams/writable:501:10)
    at Writable.write (node:internal/streams/writable:510:10)
    at Console.log (/nix/store/4ba3nh7p56fsnidgr9jcqnpv4k7nwwrv-firebase-tools-14.12.0/lib/node_modules/firebase-tools/node_modules/winston/lib/winston/transports/console.js:79:23)
    at Console._write (/nix/store/4ba3nh7p56fsnidgr9jcqnpv4k7nwwrv-firebase-tools-14.12.0/lib/node_modules/firebase-tools/node_modules/winston-transport/index.js:103:17)
    at doWrite (/nix/store/4ba3nh7p56fsnidgr9jcqnpv4k7nwwrv-firebase-tools-14.12.0/lib/node_modules/firebase-tools/node_modules/winston-transport/node_modules/readable-stream/lib/_stream_writable.js:428:64)
[error] 
[error] Error: An unexpected error has occurred.
[debug] [2025-08-10T06:40:34.108Z] Error: write EPIPE
    at afterWriteDispatched (node:internal/stream_base_commons:161:15)
    at writeGeneric (node:internal/stream_base_commons:152:3)
    at Socket._writeGeneric (node:net:958:11)
    at Socket._write (node:net:970:8)
    at writeOrBuffer (node:internal/streams/writable:572:12)
    at _write (node:internal/streams/writable:501:10)
    at Writable.write (node:internal/streams/writable:510:10)
    at Console.log (/nix/store/4ba3nh7p56fsnidgr9jcqnpv4k7nwwrv-firebase-tools-14.12.0/lib/node_modules/firebase-tools/node_modules/winston/lib/winston/transports/console.js:79:23)
    at Console._write (/nix/store/4ba3nh7p56fsnidgr9jcqnpv4k7nwwrv-firebase-tools-14.12.0/lib/node_modules/firebase-tools/node_modules/winston-transport/index.js:103:17)
    at doWrite (/nix/store/4ba3nh7p56fsnidgr9jcqnpv4k7nwwrv-firebase-tools-14.12.0/lib/node_modules/firebase-tools/node_modules/winston-transport/node_modules/readable-stream/lib/_stream_writable.js:428:64)
[error] 
[error] Error: An unexpected error has occurred.
[debug] [2025-08-10T06:40:34.109Z] Error: write EPIPE
    at afterWriteDispatched (node:internal/stream_base_commons:161:15)
    at writeGeneric (node:internal/stream_base_commons:152:3)
    at Socket._writeGeneric (node:net:958:11)
    at Socket._write (node:net:970:8)
    at writeOrBuffer (node:internal/streams/writable:572:12)
    at _write (node:internal/streams/writable:501:10)
    at Writable.write (node:internal/streams/writable:510:10)
    at Console.log (/nix/store/4ba3nh7p56fsnidgr9jcqnpv4k7nwwrv-firebase-tools-14.12.0/lib/node_modules/firebase-tools/node_modules/winston/lib/winston/transports/console.js:79:23)
    at Console._write (/nix/store/4ba3nh7p56fsnidgr9jcqnpv4k7nwwrv-firebase-tools-14.12.0/lib/node_modules/firebase-tools/node_modules/winston-transport/index.js:103:17)
    at doWrite (/nix/store/4ba3nh7p56fsnidgr9jcqnpv4k7nwwrv-firebase-tools-14.12.0/lib/node_modules/firebase-tools/node_modules/winston-transport/node_modules/readable-stream/lib/_stream_writable.js:428:64)
[error] 
[error] Error: An unexpected error has occurred.
[debug] [2025-08-10T06:40:34.110Z] Error: write EPIPE
    at afterWriteDispatched (node:internal/stream_base_commons:161:15)
    at writeGeneric (node:internal/stream_base_commons:152:3)
    at Socket._writeGeneric (node:net:958:11)
    at Socket._write (node:net:970:8)
    at writeOrBuffer (node:internal/streams/writable:572:12)
    at _write (node:internal/streams/writable:501:10)
    at Writable.write (node:internal/streams/writable:510:10)
    at Console.log (/nix/store/4ba3nh7p56fsnidgr9jcqnpv4k7nwwrv-firebase-tools-14.12.0/lib/node_modules/firebase-tools/node_modules/winston/lib/winston/transports/console.js:79:23)
    at Console._write (/nix/store/4ba3nh7p56fsnidgr9jcqnpv4k7nwwrv-firebase-tools-14.12.0/lib/node_modules/firebase-tools/node_modules/winston-transport/index.js:103:17)
    at doWrite (/nix/store/4ba3nh7p56fsnidgr9jcqnpv4k7nwwrv-firebase-tools-14.12.0/lib/node_modules/firebase-tools/node_modules/winston-transport/node_modules/readable-stream/lib/_stream_writable.js:428:64)
[error] 
[error] Error: An unexpected error has occurred.
[debug] [2025-08-10T06:40:34.110Z] Error: write EPIPE
    at afterWriteDispatched (node:internal/stream_base_commons:161:15)
    at writeGeneric (node:internal/stream_base_commons:152:3)
    at Socket._writeGeneric (node:net:958:11)
    at Socket._write (node:net:970:8)
    at writeOrBuffer (node:internal/streams/writable:572:12)
    at _write (node:internal/streams/writable:501:10)
    at Writable.write (node:internal/streams/writable:510:10)
    at Console.log (/nix/store/4ba3nh7p56fsnidgr9jcqnpv4k7nwwrv-firebase-tools-14.12.0/lib/node_modules/firebase-tools/node_modules/winston/lib/winston/transports/console.js:79:23)
    at Console._write (/nix/store/4ba3nh7p56fsnidgr9jcqnpv4k7nwwrv-firebase-tools-14.12.0/lib/node_modules/firebase-tools/node_modules/winston-transport/index.js:103:17)
    at doWrite (/nix/store/4ba3nh7p56fsnidgr9jcqnpv4k7nwwrv-firebase-tools-14.12.0/lib/node_modules/firebase-tools/node_modules/winston-transport/node_modules/readable-stream/lib/_stream_writable.js:428:64)
[error] 
[error] Error: An unexpected error has occurred.
[debug] [2025-08-10T06:40:34.111Z] Error: write EPIPE
    at afterWriteDispatched (node:internal/stream_base_commons:161:15)
    at writeGeneric (node:internal/stream_base_commons:152:3)
    at Socket._writeGeneric (node:net:958:11)
    at Socket._write (node:net:970:8)
    at writeOrBuffer (node:internal/streams/writable:572:12)
    at _write (node:internal/streams/writable:501:10)
    at Writable.write (node:internal/streams/writable:510:10)
    at Console.log (/nix/store/4ba3nh7p56fsnidgr9jcqnpv4k7nwwrv-firebase-tools-14.12.0/lib/node_modules/firebase-tools/node_modules/winston/lib/winston/transports/console.js:79:23)
    at Console._write (/nix/store/4ba3nh7p56fsnidgr9jcqnpv4k7nwwrv-firebase-tools-14.12.0/lib/node_modules/firebase-tools/node_modules/winston-transport/index.js:103:17)
    at doWrite (/nix/store/4ba3nh7p56fsnidgr9jcqnpv4k7nwwrv-firebase-tools-14.12.0/lib/node_modules/firebase-tools/node_modules/winston-transport/node_modules/readable-stream/lib/_stream_writable.js:428:64)
[error] 
[error] Error: An unexpected error has occurred.
[debug] [2025-08-10T06:40:34.112Z] Error: write EPIPE
    at afterWriteDispatched (node:internal/stream_base_commons:161:15)
    at writeGeneric (node:internal/stream_base_commons:152:3)
    at Socket._writeGeneric (node:net:958:11)
    at Socket._write (node:net:970:8)
    at writeOrBuffer (node:internal/streams/writable:572:12)
    at _write (node:internal/streams/writable:501:10)
    at Writable.write (node:internal/streams/writable:510:10)
    at Console.log (/nix/store/4ba3nh7p56fsnidgr9jcqnpv4k7nwwrv-firebase-tools-14.12.0/lib/node_modules/firebase-tools/node_modules/winston/lib/winston/transports/console.js:79:23)
    at Console._write (/nix/store/4ba3nh7p56fsnidgr9jcqnpv4k7nwwrv-firebase-tools-14.12.0/lib/node_modules/firebase-tools/node_modules/winston-transport/index.js:103:17)
    at doWrite (/nix/store/4ba3nh7p56fsnidgr9jcqnpv4k7nwwrv-firebase-tools-14.12.0/lib/node_modules/firebase-tools/node_modules/winston-transport/node_modules/readable-stream/lib/_stream_writable.js:428:64)
[error] 
[error] Error: An unexpected error has occurred.
[debug] [2025-08-10T06:40:34.112Z] Error: write EPIPE
    at afterWriteDispatched (node:internal/stream_base_commons:161:15)
    at writeGeneric (node:internal/stream_base_commons:152:3)
    at Socket._writeGeneric (node:net:958:11)
    at Socket._write (node:net:970:8)
    at writeOrBuffer (node:internal/streams/writable:572:12)
    at _write (node:internal/streams/writable:501:10)
    at Writable.write (node:internal/streams/writable:510:10)
    at Console.log (/nix/store/4ba3nh7p56fsnidgr9jcqnpv4k7nwwrv-firebase-tools-14.12.0/lib/node_modules/firebase-tools/node_modules/winston/lib/winston/transports/console.js:79:23)
    at Console._write (/nix/store/4ba3nh7p56fsnidgr9jcqnpv4k7nwwrv-firebase-tools-14.12.0/lib/node_modules/firebase-tools/node_modules/winston-transport/index.js:103:17)
    at doWrite (/nix/store/4ba3nh7p56fsnidgr9jcqnpv4k7nwwrv-firebase-tools-14.12.0/lib/node_modules/firebase-tools/node_modules/winston-transport/node_modules/readable-stream/lib/_stream_writable.js:428:64)
[error] 
[error] Error: An unexpected error has occurred.
[debug] [2025-08-10T06:40:34.113Z] Error: write EPIPE
    at afterWriteDispatched (node:internal/stream_base_commons:161:15)
    at writeGeneric (node:internal/stream_base_commons:152:3)
    at Socket._writeGeneric (node:net:958:11)
    at Socket._write (node:net:970:8)
    at writeOrBuffer (node:internal/streams/writable:572:12)
    at _write (node:internal/streams/writable:501:10)
    at Writable.write (node:internal/streams/writable:510:10)
    at Console.log (/nix/store/4ba3nh7p56fsnidgr9jcqnpv4k7nwwrv-firebase-tools-14.12.0/lib/node_modules/firebase-tools/node_modules/winston/lib/winston/transports/console.js:79:23)
    at Console._write (/nix/store/4ba3nh7p56fsnidgr9jcqnpv4k7nwwrv-firebase-tools-14.12.0/lib/node_modules/firebase-tools/node_modules/winston-transport/index.js:103:17)
    at doWrite (/nix/store/4ba3nh7p56fsnidgr9jcqnpv4k7nwwrv-firebase-tools-14.12.0/lib/node_modules/firebase-tools/node_modules/winston-transport/node_modules/readable-stream/lib/_stream_writable.js:428:64)
[error] 
[error] Error: An unexpected error has occurred.
[debug] [2025-08-10T06:40:34.113Z] Error: write EPIPE
    at afterWriteDispatched (node:internal/stream_base_commons:161:15)
    at writeGeneric (node:internal/stream_base_commons:152:3)
    at Socket._writeGeneric (node:net:958:11)
    at Socket._write (node:net:970:8)
    at writeOrBuffer (node:internal/streams/writable:572:12)
    at _write (node:internal/streams/writable:501:10)
    at Writable.write (node:internal/streams/writable:510:10)
    at Console.log (/nix/store/4ba3nh7p56fsnidgr9jcqnpv4k7nwwrv-firebase-tools-14.12.0/lib/node_modules/firebase-tools/node_modules/winston/lib/winston/transports/console.js:79:23)
    at Console._write (/nix/store/4ba3nh7p56fsnidgr9jcqnpv4k7nwwrv-firebase-tools-14.12.0/lib/node_modules/firebase-tools/node_modules/winston-transport/index.js:103:17)
    at doWrite (/nix/store/4ba3nh7p56fsnidgr9jcqnpv4k7nwwrv-firebase-tools-14.12.0/lib/node_modules/firebase-tools/node_modules/winston-transport/node_modules/readable-stream/lib/_stream_writable.js:428:64)
[error] 
[error] Error: An unexpected error has occurred.
[debug] [2025-08-10T06:40:34.114Z] Error: write EPIPE
    at afterWriteDispatched (node:internal/stream_base_commons:161:15)
    at writeGeneric (node:internal/stream_base_commons:152:3)
    at Socket._writeGeneric (node:net:958:11)
    at Socket._write (node:net:970:8)
    at writeOrBuffer (node:internal/streams/writable:572:12)
    at _write (node:internal/streams/writable:501:10)
    at Writable.write (node:internal/streams/writable:510:10)
    at Console.log (/nix/store/4ba3nh7p56fsnidgr9jcqnpv4k7nwwrv-firebase-tools-14.12.0/lib/node_modules/firebase-tools/node_modules/winston/lib/winston/transports/console.js:79:23)
    at Console._write (/nix/store/4ba3nh7p56fsnidgr9jcqnpv4k7nwwrv-firebase-tools-14.12.0/lib/node_modules/firebase-tools/node_modules/winston-transport/index.js:103:17)
    at doWrite (/nix/store/4ba3nh7p56fsnidgr9jcqnpv4k7nwwrv-firebase-tools-14.12.0/lib/node_modules/firebase-tools/node_modules/winston-transport/node_modules/readable-stream/lib/_stream_writable.js:428:64)
[error] 
[error] Error: An unexpected error has occurred.
[debug] [2025-08-10T06:40:34.114Z] Error: write EPIPE
    at afterWriteDispatched (node:internal/stream_base_commons:161:15)
    at writeGeneric (node:internal/stream_base_commons:152:3)
    at Socket._writeGeneric (node:net:958:11)
    at Socket._write (node:net:970:8)
    at writeOrBuffer (node:internal/streams/writable:572:12)
    at _write (node:internal/streams/writable:501:10)
    at Writable.write (node:internal/streams/writable:510:10)
    at Console.log (/nix/store/4ba3nh7p56fsnidgr9jcqnpv4k7nwwrv-firebase-tools-14.12.0/lib/node_modules/firebase-tools/node_modules/winston/lib/winston/transports/console.js:79:23)
    at Console._write (/nix/store/4ba3nh7p56fsnidgr9jcqnpv4k7nwwrv-firebase-tools-14.12.0/lib/node_modules/firebase-tools/node_modules/winston-transport/index.js:103:17)
    at doWrite (/nix/store/4ba3nh7p56fsnidgr9jcqnpv4k7nwwrv-firebase-tools-14.12.0/lib/node_modules/firebase-tools/node_modules/winston-transport/node_modules/readable-stream/lib/_stream_writable.js:428:64)
[error] 
[error] Error: An unexpected error has occurred.
[debug] [2025-08-10T06:40:34.117Z] Error: write EPIPE
    at afterWriteDispatched (node:internal/stream_base_commons:161:15)
    at writeGeneric (node:internal/stream_base_commons:152:3)
    at Socket._writeGeneric (node:net:958:11)
    at Socket._write (node:net:970:8)
    at writeOrBuffer (node:internal/streams/writable:572:12)
    at _write (node:internal/streams/writable:501:10)
    at Writable.write (node:internal/streams/writable:510:10)
    at Console.log (/nix/store/4ba3nh7p56fsnidgr9jcqnpv4k7nwwrv-firebase-tools-14.12.0/lib/node_modules/firebase-tools/node_modules/winston/lib/winston/transports/console.js:79:23)
    at Console._write (/nix/store/4ba3nh7p56fsnidgr9jcqnpv4k7nwwrv-firebase-tools-14.12.0/lib/node_modules/firebase-tools/node_modules/winston-transport/index.js:103:17)
    at doWrite (/nix/store/4ba3nh7p56fsnidgr9jcqnpv4k7nwwrv-firebase-tools-14.12.0/lib/node_modules/firebase-tools/node_modules/winston-transport/node_modules/readable-stream/lib/_stream_writable.js:428:64)
[error] 
[error] Error: An unexpected error has occurred.
[debug] [2025-08-10T06:40:34.118Z] Error: write EPIPE
    at afterWriteDispatched (node:internal/stream_base_commons:161:15)
    at writeGeneric (node:internal/stream_base_commons:152:3)
    at Socket._writeGeneric (node:net:958:11)
    at Socket._write (node:net:970:8)
    at writeOrBuffer (node:internal/streams/writable:572:12)
    at _write (node:internal/streams/writable:501:10)
    at Writable.write (node:internal/streams/writable:510:10)
    at Console.log (/nix/store/4ba3nh7p56fsnidgr9jcqnpv4k7nwwrv-firebase-tools-14.12.0/lib/node_modules/firebase-tools/node_modules/winston/lib/winston/transports/console.js:79:23)
    at Console._write (/nix/store/4ba3nh7p56fsnidgr9jcqnpv4k7nwwrv-firebase-tools-14.12.0/lib/node_modules/firebase-tools/node_modules/winston-transport/index.js:103:17)
    at doWrite (/nix/store/4ba3nh7p56fsnidgr9jcqnpv4k7nwwrv-firebase-tools-14.12.0/lib/node_modules/firebase-tools/node_modules/winston-transport/node_modules/readable-stream/lib/_stream_writable.js:428:64)
[error] 
[error] Error: An unexpected error has occurred.
[debug] [2025-08-10T06:40:34.118Z] Error: write EPIPE
    at afterWriteDispatched (node:internal/stream_base_commons:161:15)
    at writeGeneric (node:internal/stream_base_commons:152:3)
    at Socket._writeGeneric (node:net:958:11)
    at Socket._write (node:net:970:8)
    at writeOrBuffer (node:internal/streams/writable:572:12)
    at _write (node:internal/streams/writable:501:10)
    at Writable.write (node:internal/streams/writable:510:10)
    at Console.log (/nix/store/4ba3nh7p56fsnidgr9jcqnpv4k7nwwrv-firebase-tools-14.12.0/lib/node_modules/firebase-tools/node_modules/winston/lib/winston/transports/console.js:79:23)
    at Console._write (/nix/store/4ba3nh7p56fsnidgr9jcqnpv4k7nwwrv-firebase-tools-14.12.0/lib/node_modules/firebase-tools/node_modules/winston-transport/index.js:103:17)
    at doWrite (/nix/store/4ba3nh7p56fsnidgr9jcqnpv4k7nwwrv-firebase-tools-14.12.0/lib/node_modules/firebase-tools/node_modules/winston-transport/node_modules/readable-stream/lib/_stream_writable.js:428:64)
[error] 
[error] Error: An unexpected error has occurred.
[debug] [2025-08-10T06:40:34.119Z] Error: write EPIPE
    at afterWriteDispatched (node:internal/stream_base_commons:161:15)
    at writeGeneric (node:internal/stream_base_commons:152:3)
    at Socket._writeGeneric (node:net:958:11)
    at Socket._write (node:net:970:8)
    at writeOrBuffer (node:internal/streams/writable:572:12)
    at _write (node:internal/streams/writable:501:10)
    at Writable.write (node:internal/streams/writable:510:10)
    at Console.log (/nix/store/4ba3nh7p56fsnidgr9jcqnpv4k7nwwrv-firebase-tools-14.12.0/lib/node_modules/firebase-tools/node_modules/winston/lib/winston/transports/console.js:79:23)
    at Console._write (/nix/store/4ba3nh7p56fsnidgr9jcqnpv4k7nwwrv-firebase-tools-14.12.0/lib/node_modules/firebase-tools/node_modules/winston-transport/index.js:103:17)
    at doWrite (/nix/store/4ba3nh7p56fsnidgr9jcqnpv4k7nwwrv-firebase-tools-14.12.0/lib/node_modules/firebase-tools/node_modules/winston-transport/node_modules/readable-stream/lib/_stream_writable.js:428:64)
[error] 
[error] Error: An unexpected error has occurred.
[debug] [2025-08-10T06:40:34.119Z] Error: write EPIPE
    at afterWriteDispatched (node:internal/stream_base_commons:161:15)
    at writeGeneric (node:internal/stream_base_commons:152:3)
    at Socket._writeGeneric (node:net:958:11)
    at Socket._write (node:net:970:8)
    at writeOrBuffer (node:internal/streams/writable:572:12)
    at _write (node:internal/streams/writable:501:10)
    at Writable.write (node:internal/streams/writable:510:10)
    at Console.log (/nix/store/4ba3nh7p56fsnidgr9jcqnpv4k7nwwrv-firebase-tools-14.12.0/lib/node_modules/firebase-tools/node_modules/winston/lib/winston/transports/console.js:79:23)
    at Console._write (/nix/store/4ba3nh7p56fsnidgr9jcqnpv4k7nwwrv-firebase-tools-14.12.0/lib/node_modules/firebase-tools/node_modules/winston-transport/index.js:103:17)
    at doWrite (/nix/store/4ba3nh7p56fsnidgr9jcqnpv4k7nwwrv-firebase-tools-14.12.0/lib/node_modules/firebase-tools/node_modules/winston-transport/node_modules/readable-stream/lib/_stream_writable.js:428:64)
[error] 
[error] Error: An unexpected error has occurred.
[debug] [2025-08-10T06:40:34.120Z] Error: write EPIPE
    at afterWriteDispatched (node:internal/stream_base_commons:161:15)
    at writeGeneric (node:internal/stream_base_commons:152:3)
    at Socket._writeGeneric (node:net:958:11)
    at Socket._write (node:net:970:8)
    at writeOrBuffer (node:internal/streams/writable:572:12)
    at _write (node:internal/streams/writable:501:10)
    at Writable.write (node:internal/streams/writable:510:10)
    at Console.log (/nix/store/4ba3nh7p56fsnidgr9jcqnpv4k7nwwrv-firebase-tools-14.12.0/lib/node_modules/firebase-tools/node_modules/winston/lib/winston/transports/console.js:79:23)
    at Console._write (/nix/store/4ba3nh7p56fsnidgr9jcqnpv4k7nwwrv-firebase-tools-14.12.0/lib/node_modules/firebase-tools/node_modules/winston-transport/index.js:103:17)
    at doWrite (/nix/store/4ba3nh7p56fsnidgr9jcqnpv4k7nwwrv-firebase-tools-14.12.0/lib/node_modules/firebase-tools/node_modules/winston-transport/node_modules/readable-stream/lib/_stream_writable.js:428:64)
[error] 
[error] Error: An unexpected error has occurred.
[debug] [2025-08-10T06:40:34.120Z] Error: write EPIPE
    at afterWriteDispatched (node:internal/stream_base_commons:161:15)
    at writeGeneric (node:internal/stream_base_commons:152:3)
    at Socket._writeGeneric (node:net:958:11)
    at Socket._write (node:net:970:8)
    at writeOrBuffer (node:internal/streams/writable:572:12)
    at _write (node:internal/streams/writable:501:10)
    at Writable.write (node:internal/streams/writable:510:10)
    at Console.log (/nix/store/4ba3nh7p56fsnidgr9jcqnpv4k7nwwrv-firebase-tools-14.12.0/lib/node_modules/firebase-tools/node_modules/winston/lib/winston/transports/console.js:79:23)
    at Console._write (/nix/store/4ba3nh7p56fsnidgr9jcqnpv4k7nwwrv-firebase-tools-14.12.0/lib/node_modules/firebase-tools/node_modules/winston-transport/index.js:103:17)
    at doWrite (/nix/store/4ba3nh7p56fsnidgr9jcqnpv4k7nwwrv-firebase-tools-14.12.0/lib/node_modules/firebase-tools/node_modules/winston-transport/node_modules/readable-stream/lib/_stream_writable.js:428:64)
[error] 
[error] Error: An unexpected error has occurred.
[debug] [2025-08-10T06:40:34.121Z] Error: write EPIPE
    at afterWriteDispatched (node:internal/stream_base_commons:161:15)
    at writeGeneric (node:internal/stream_base_commons:152:3)
    at Socket._writeGeneric (node:net:958:11)
    at Socket._write (node:net:970:8)
    at writeOrBuffer (node:internal/streams/writable:572:12)
    at _write (node:internal/streams/writable:501:10)
    at Writable.write (node:internal/streams/writable:510:10)
    at Console.log (/nix/store/4ba3nh7p56fsnidgr9jcqnpv4k7nwwrv-firebase-tools-14.12.0/lib/node_modules/firebase-tools/node_modules/winston/lib/winston/transports/console.js:79:23)
    at Console._write (/nix/store/4ba3nh7p56fsnidgr9jcqnpv4k7nwwrv-firebase-tools-14.12.0/lib/node_modules/firebase-tools/node_modules/winston-transport/index.js:103:17)
    at doWrite (/nix/store/4ba3nh7p56fsnidgr9jcqnpv4k7nwwrv-firebase-tools-14.12.0/lib/node_modules/firebase-tools/node_modules/winston-transport/node_modules/readable-stream/lib/_stream_writable.js:428:64)
[error] 
[error] Error: An unexpected error has occurred.
[debug] [2025-08-10T06:40:34.121Z] Error: write EPIPE
    at afterWriteDispatched (node:internal/stream_base_commons:161:15)
    at writeGeneric (node:internal/stream_base_commons:152:3)
    at Socket._writeGeneric (node:net:958:11)
    at Socket._write (node:net:970:8)
    at writeOrBuffer (node:internal/streams/writable:572:12)
    at _write (node:internal/streams/writable:501:10)
    at Writable.write (node:internal/streams/writable:510:10)
    at Console.log (/nix/store/4ba3nh7p56fsnidgr9jcqnpv4k7nwwrv-firebase-tools-14.12.0/lib/node_modules/firebase-tools/node_modules/winston/lib/winston/transports/console.js:79:23)
    at Console._write (/nix/store/4ba3nh7p56fsnidgr9jcqnpv4k7nwwrv-firebase-tools-14.12.0/lib/node_modules/firebase-tools/node_modules/winston-transport/index.js:103:17)
    at doWrite (/nix/store/4ba3nh7p56fsnidgr9jcqnpv4k7nwwrv-firebase-tools-14.12.0/lib/node_modules/firebase-tools/node_modules/winston-transport/node_modules/readable-stream/lib/_stream_writable.js:428:64)
[error] 
[error] Error: An unexpected error has occurred.
[debug] [2025-08-10T06:40:34.122Z] Error: write EPIPE
    at afterWriteDispatched (node:internal/stream_base_commons:161:15)
    at writeGeneric (node:internal/stream_base_commons:152:3)
    at Socket._writeGeneric (node:net:958:11)
    at Socket._write (node:net:970:8)
    at writeOrBuffer (node:internal/streams/writable:572:12)
    at _write (node:internal/streams/writable:501:10)
    at Writable.write (node:internal/streams/writable:510:10)
    at Console.log (/nix/store/4ba3nh7p56fsnidgr9jcqnpv4k7nwwrv-firebase-tools-14.12.0/lib/node_modules/firebase-tools/node_modules/winston/lib/winston/transports/console.js:79:23)
    at Console._write (/nix/store/4ba3nh7p56fsnidgr9jcqnpv4k7nwwrv-firebase-tools-14.12.0/lib/node_modules/firebase-tools/node_modules/winston-transport/index.js:103:17)
    at doWrite (/nix/store/4ba3nh7p56fsnidgr9jcqnpv4k7nwwrv-firebase-tools-14.12.0/lib/node_modules/firebase-tools/node_modules/winston-transport/node_modules/readable-stream/lib/_stream_writable.js:428:64)
[error] 
[error] Error: An unexpected error has occurred.
[debug] [2025-08-10T06:40:34.123Z] Error: write EPIPE
    at afterWriteDispatched (node:internal/stream_base_commons:161:15)
    at writeGeneric (node:internal/stream_base_commons:152:3)
    at Socket._writeGeneric (node:net:958:11)
    at Socket._write (node:net:970:8)
    at writeOrBuffer (node:internal/streams/writable:572:12)
    at _write (node:internal/streams/writable:501:10)
    at Writable.write (node:internal/streams/writable:510:10)
    at Console.log (/nix/store/4ba3nh7p56fsnidgr9jcqnpv4k7nwwrv-firebase-tools-14.12.0/lib/node_modules/firebase-tools/node_modules/winston/lib/winston/transports/console.js:79:23)
    at Console._write (/nix/store/4ba3nh7p56fsnidgr9jcqnpv4k7nwwrv-firebase-tools-14.12.0/lib/node_modules/firebase-tools/node_modules/winston-transport/index.js:103:17)
    at doWrite (/nix/store/4ba3nh7p56fsnidgr9jcqnpv4k7nwwrv-firebase-tools-14.12.0/lib/node_modules/firebase-tools/node_modules/winston-transport/node_modules/readable-stream/lib/_stream_writable.js:428:64)
[error] 
